<?xml version="1.0" encoding="UTF-8"?>
<testsuite name="com.devkoo.webservice.web.WebControllerTest" tests="1" skipped="0" failures="0" errors="0" timestamp="2018-12-04T04:21:20" hostname="gubon-ig-ui-MacBook-Pro.local" time="0.791">
  <properties/>
  <testcase name="메인페이지_로딩" classname="com.devkoo.webservice.web.WebControllerTest" time="0.791"/>
  <system-out><![CDATA[13:21:14.232 [Test worker] DEBUG org.springframework.test.context.junit4.SpringJUnit4ClassRunner - SpringJUnit4ClassRunner constructor called with [class com.devkoo.webservice.web.WebControllerTest]
13:21:14.239 [Test worker] DEBUG org.springframework.test.context.BootstrapUtils - Instantiating CacheAwareContextLoaderDelegate from class [org.springframework.test.context.cache.DefaultCacheAwareContextLoaderDelegate]
13:21:14.249 [Test worker] DEBUG org.springframework.test.context.BootstrapUtils - Instantiating BootstrapContext using constructor [public org.springframework.test.context.support.DefaultBootstrapContext(java.lang.Class,org.springframework.test.context.CacheAwareContextLoaderDelegate)]
13:21:14.264 [Test worker] DEBUG org.springframework.test.context.BootstrapUtils - Instantiating TestContextBootstrapper for test class [com.devkoo.webservice.web.WebControllerTest] from class [org.springframework.boot.test.context.SpringBootTestContextBootstrapper]
13:21:14.277 [Test worker] INFO org.springframework.boot.test.context.SpringBootTestContextBootstrapper - Neither @ContextConfiguration nor @ContextHierarchy found for test class [com.devkoo.webservice.web.WebControllerTest], using SpringBootContextLoader
13:21:14.290 [Test worker] DEBUG org.springframework.test.context.support.AbstractContextLoader - Did not detect default resource location for test class [com.devkoo.webservice.web.WebControllerTest]: class path resource [com/devkoo/webservice/web/WebControllerTest-context.xml] does not exist
13:21:14.290 [Test worker] DEBUG org.springframework.test.context.support.AbstractContextLoader - Did not detect default resource location for test class [com.devkoo.webservice.web.WebControllerTest]: class path resource [com/devkoo/webservice/web/WebControllerTestContext.groovy] does not exist
13:21:14.290 [Test worker] INFO org.springframework.test.context.support.AbstractContextLoader - Could not detect default resource locations for test class [com.devkoo.webservice.web.WebControllerTest]: no resource found for suffixes {-context.xml, Context.groovy}.
13:21:14.291 [Test worker] INFO org.springframework.test.context.support.AnnotationConfigContextLoaderUtils - Could not detect default configuration classes for test class [com.devkoo.webservice.web.WebControllerTest]: WebControllerTest does not declare any static, non-private, non-final, nested classes annotated with @Configuration.
13:21:14.328 [Test worker] DEBUG org.springframework.test.context.support.ActiveProfilesUtils - Could not find an 'annotation declaring class' for annotation type [org.springframework.test.context.ActiveProfiles] and class [com.devkoo.webservice.web.WebControllerTest]
13:21:14.336 [Test worker] DEBUG org.springframework.core.env.StandardEnvironment - Adding PropertySource 'systemProperties' with lowest search precedence
13:21:14.337 [Test worker] DEBUG org.springframework.core.env.StandardEnvironment - Adding PropertySource 'systemEnvironment' with lowest search precedence
13:21:14.337 [Test worker] DEBUG org.springframework.core.env.StandardEnvironment - Initialized StandardEnvironment with PropertySources [MapPropertySource@1034546764 {name='systemProperties', properties={java.runtime.name=Java(TM) SE Runtime Environment, sun.boot.library.path=/Library/Java/JavaVirtualMachines/jdk1.8.0_181.jdk/Contents/Home/jre/lib, java.vm.version=25.181-b13, gopherProxySet=false, java.vm.vendor=Oracle Corporation, java.vendor.url=http://java.oracle.com/, path.separator=:, java.vm.name=Java HotSpot(TM) 64-Bit Server VM, file.encoding.pkg=sun.io, sun.java.launcher=SUN_STANDARD, user.country=KR, sun.os.patch.level=unknown, java.vm.specification.name=Java Virtual Machine Specification, user.dir=/Users/dev_koo/fish_stagram, java.runtime.version=1.8.0_181-b13, java.awt.graphicsenv=sun.awt.CGraphicsEnvironment, java.endorsed.dirs=/Library/Java/JavaVirtualMachines/jdk1.8.0_181.jdk/Contents/Home/jre/lib/endorsed, os.arch=x86_64, java.io.tmpdir=/var/folders/54/dj0yq9q95s5351g35zl64f4r0000gn/T/, line.separator=
, java.vm.specification.vendor=Oracle Corporation, user.variant=, os.name=Mac OS X, sun.jnu.encoding=UTF-8, java.library.path=/Users/dev_koo/Library/Java/Extensions:/Library/Java/Extensions:/Network/Library/Java/Extensions:/System/Library/Java/Extensions:/usr/lib/java:., java.specification.name=Java Platform API Specification, java.class.version=52.0, org.gradle.native=false, sun.management.compiler=HotSpot 64-Bit Tiered Compilers, os.version=10.14.1, http.nonProxyHosts=local|*.local|169.254/16|*.169.254/16|lx.astxsvc.com|*.lx.astxsvc.com, user.home=/Users/dev_koo, user.timezone=Asia/Seoul, java.awt.printerjob=sun.lwawt.macosx.CPrinterJob, file.encoding=UTF-8, java.specification.version=1.8, java.class.path=/Users/dev_koo/fish_stagram/build/classes/java/test:/Users/dev_koo/fish_stagram/build/resources/test:/Users/dev_koo/fish_stagram/build/classes/java/main:/Users/dev_koo/fish_stagram/build/resources/main:/Users/dev_koo/.gradle/caches/modules-2/files-2.1/org.springframework.boot/spring-boot-starter-actuator/1.5.10.RELEASE/64cfc9842b6b608b132ff258934db9045733f678/spring-boot-starter-actuator-1.5.10.RELEASE.jar:/Users/dev_koo/.gradle/caches/modules-2/files-2.1/org.springframework.boot/spring-boot-starter-data-jpa/1.5.10.RELEASE/ca30f9060231d3161d325580098d326754a2f4e1/spring-boot-starter-data-jpa-1.5.10.RELEASE.jar:/Users/dev_koo/.gradle/caches/modules-2/files-2.1/pl.allegro.tech.boot/handlebars-spring-boot-starter/0.2.15/531b0b7b46f3bb671a847a8417af6fe6be0bb3bf/handlebars-spring-boot-starter-0.2.15.jar:/Users/dev_koo/.gradle/caches/modules-2/files-2.1/org.springframework.boot/spring-boot-starter-web/1.5.10.RELEASE/8bc445f3ee81e5322e46b28cbb33bca1800b69d9/spring-boot-starter-web-1.5.10.RELEASE.jar:/Users/dev_koo/.gradle/caches/modules-2/files-2.1/mysql/mysql-connector-java/5.1.45/ee64ec436a87c35362176ea300d69c912d1cbeac/mysql-connector-java-5.1.45.jar:/Users/dev_koo/.gradle/caches/modules-2/files-2.1/org.mariadb.jdbc/mariadb-java-client/1.5.9/75d4d6e4cdb9a551a102e92a14c640768174e214/mariadb-java-client-1.5.9.jar:/Users/dev_koo/.gradle/caches/modules-2/files-2.1/com.h2database/h2/1.4.196/dd0034398d593aa3588c6773faac429bbd9aea0e/h2-1.4.196.jar:/Users/dev_koo/.gradle/caches/modules-2/files-2.1/org.springframework.boot/spring-boot-starter-test/1.5.10.RELEASE/d4e1be51061d71b55f4bd4458d8437d1b943a70/spring-boot-starter-test-1.5.10.RELEASE.jar:/Users/dev_koo/.gradle/caches/modules-2/files-2.1/org.springframework.boot/spring-boot-starter-aop/1.5.10.RELEASE/2e58fd451d9e89a539a2c15efc5089d81dd7a686/spring-boot-starter-aop-1.5.10.RELEASE.jar:/Users/dev_koo/.gradle/caches/modules-2/files-2.1/org.springframework.boot/spring-boot-starter-jdbc/1.5.10.RELEASE/f78396b57f70a0ca8422bcbe8959aa49baf49023/spring-boot-starter-jdbc-1.5.10.RELEASE.jar:/Users/dev_koo/.gradle/caches/modules-2/files-2.1/org.springframework.boot/spring-boot-starter/1.5.10.RELEASE/d935ac98f84c1d97d7ccd702d21abdc236fa7aa0/spring-boot-starter-1.5.10.RELEASE.jar:/Users/dev_koo/.gradle/caches/modules-2/files-2.1/org.springframework.boot/spring-boot-actuator/1.5.10.RELEASE/6cd22e2348aec18a19bedf86b5fb6d932d3f8c18/spring-boot-actuator-1.5.10.RELEASE.jar:/Users/dev_koo/.gradle/caches/modules-2/files-2.1/org.hibernate/hibernate-entitymanager/5.2.11.Final/5a4e82a2fc99c5b3e07db5d88272364dc27c10dc/hibernate-entitymanager-5.2.11.Final.jar:/Users/dev_koo/.gradle/caches/modules-2/files-2.1/org.hibernate/hibernate-core/5.2.11.Final/c7bc35a9caccb66f6b7209849c5feab8241abb76/hibernate-core-5.2.11.Final.jar:/Users/dev_koo/.gradle/caches/modules-2/files-2.1/javax.transaction/javax.transaction-api/1.2/d81aff979d603edd90dcd8db2abc1f4ce6479e3e/javax.transaction-api-1.2.jar:/Users/dev_koo/.gradle/caches/modules-2/files-2.1/org.springframework.data/spring-data-jpa/1.11.10.RELEASE/82ec646adc5d33b7b1d8f52e90c0ea030f0888ca/spring-data-jpa-1.11.10.RELEASE.jar:/Users/dev_koo/.gradle/caches/modules-2/files-2.1/org.springframework/spring-aspects/4.3.14.RELEASE/e2d10895e7142dd4c5e979407fe4539146429618/spring-aspects-4.3.14.RELEASE.jar:/Users/dev_koo/.gradle/caches/modules-2/files-2.1/org.springframework.boot/spring-boot-starter-tomcat/1.5.10.RELEASE/11e474e265f1c68fc435dddbac42ab3574b5e4b6/spring-boot-starter-tomcat-1.5.10.RELEASE.jar:/Users/dev_koo/.gradle/caches/modules-2/files-2.1/org.hibernate/hibernate-validator/5.3.6.Final/4c730be8bf55a8e9a61e79a2f2c079abf48b718/hibernate-validator-5.3.6.Final.jar:/Users/dev_koo/.gradle/caches/modules-2/files-2.1/com.fasterxml.jackson.core/jackson-databind/2.8.10/f7b83cb2bc4b88d53961e749e1ad32f49ef017b7/jackson-databind-2.8.10.jar:/Users/dev_koo/.gradle/caches/modules-2/files-2.1/com.github.jknack/handlebars-springmvc/4.0.6/9ba68e909ac82fe491ccd389942dd6062f131f05/handlebars-springmvc-4.0.6.jar:/Users/dev_koo/.gradle/caches/modules-2/files-2.1/org.springframework/spring-webmvc/4.3.14.RELEASE/1571eab8a807005d424ca16fedd54b1f439787b2/spring-webmvc-4.3.14.RELEASE.jar:/Users/dev_koo/.gradle/caches/modules-2/files-2.1/org.springframework/spring-web/4.3.14.RELEASE/a0c3bf3ad661db185675bd5af350f35ed11f0903/spring-web-4.3.14.RELEASE.jar:/Users/dev_koo/.gradle/caches/modules-2/files-2.1/com.github.jknack/handlebars-guava-cache/4.0.6/6e746e6f36ce5a8b63efcd68ac6fa48a8e85bd90/handlebars-guava-cache-4.0.6.jar:/Users/dev_koo/.gradle/caches/modules-2/files-2.1/org.springframework.boot/spring-boot-test-autoconfigure/1.5.10.RELEASE/55242f7c194fb141de8460a92e92b716469fc3a8/spring-boot-test-autoconfigure-1.5.10.RELEASE.jar:/Users/dev_koo/.gradle/caches/modules-2/files-2.1/org.springframework.boot/spring-boot-test/1.5.10.RELEASE/b7f28e8896906f0bbbb951727a7c5581c562d1c9/spring-boot-test-1.5.10.RELEASE.jar:/Users/dev_koo/.gradle/caches/modules-2/files-2.1/com.jayway.jsonpath/json-path/2.2.0/22290d17944bd239fabf5ac69005a60a7ecbbbcb/json-path-2.2.0.jar:/Users/dev_koo/.gradle/caches/modules-2/files-2.1/junit/junit/4.12/2973d150c0dc1fefe998f834810d68f278ea58ec/junit-4.12.jar:/Users/dev_koo/.gradle/caches/modules-2/files-2.1/org.assertj/assertj-core/2.6.0/b532c3fc4f66bcfee4989a3514f1cd56203a33ad/assertj-core-2.6.0.jar:/Users/dev_koo/.gradle/caches/modules-2/files-2.1/org.mockito/mockito-core/1.10.19/e8546f5bef4e061d8dd73895b4e8f40e3fe6effe/mockito-core-1.10.19.jar:/Users/dev_koo/.gradle/caches/modules-2/files-2.1/org.hamcrest/hamcrest-library/1.3/4785a3c21320980282f9f33d0d1264a69040538f/hamcrest-library-1.3.jar:/Users/dev_koo/.gradle/caches/modules-2/files-2.1/org.hamcrest/hamcrest-core/1.3/42a25dc3219429f0e5d060061f71acb49bf010a0/hamcrest-core-1.3.jar:/Users/dev_koo/.gradle/caches/modules-2/files-2.1/org.skyscreamer/jsonassert/1.4.0/9cdbb373a06f6513e51e8c545ee6a5e981463edb/jsonassert-1.4.0.jar:/Users/dev_koo/.gradle/caches/modules-2/files-2.1/org.springframework/spring-test/4.3.14.RELEASE/1a7f6f51a263a3e09e94403653348b3864412c53/spring-test-4.3.14.RELEASE.jar:/Users/dev_koo/.gradle/caches/modules-2/files-2.1/org.springframework.boot/spring-boot-autoconfigure/1.5.10.RELEASE/be96efab0d35181f18c486b0ec8d6a41a7042fce/spring-boot-autoconfigure-1.5.10.RELEASE.jar:/Users/dev_koo/.gradle/caches/modules-2/files-2.1/org.springframework.boot/spring-boot/1.5.10.RELEASE/594b3efa04829f62754a19f59f81ba204636167a/spring-boot-1.5.10.RELEASE.jar:/Users/dev_koo/.gradle/caches/modules-2/files-2.1/org.springframework/spring-context/4.3.14.RELEASE/e50a712960926c30e537ef4a633f5d9dd5a8b155/spring-context-4.3.14.RELEASE.jar:/Users/dev_koo/.gradle/caches/modules-2/files-2.1/org.springframework/spring-aop/4.3.14.RELEASE/dfe55b0592aead8e3eb0e6a4e98db433b9e09bd7/spring-aop-4.3.14.RELEASE.jar:/Users/dev_koo/.gradle/caches/modules-2/files-2.1/org.springframework/spring-orm/4.3.14.RELEASE/721bc451d02070954ebee039d419b410c4697fcb/spring-orm-4.3.14.RELEASE.jar:/Users/dev_koo/.gradle/caches/modules-2/files-2.1/org.springframework/spring-jdbc/4.3.14.RELEASE/1b1b9045d9ec1e067d99bf158210e9e7cf2ebfd2/spring-jdbc-4.3.14.RELEASE.jar:/Users/dev_koo/.gradle/caches/modules-2/files-2.1/org.springframework.data/spring-data-commons/1.13.10.RELEASE/b732245a0902b561b0c33e54cd0f382e9ac444ed/spring-data-commons-1.13.10.RELEASE.jar:/Users/dev_koo/.gradle/caches/modules-2/files-2.1/org.springframework/spring-tx/4.3.14.RELEASE/1c9449fcb805837db3c706eab4c729f89688a267/spring-tx-4.3.14.RELEASE.jar:/Users/dev_koo/.gradle/caches/modules-2/files-2.1/org.springframework/spring-beans/4.3.14.RELEASE/7bcd17a68dd64e9447d7bff2c42ba7417678596e/spring-beans-4.3.14.RELEASE.jar:/Users/dev_koo/.gradle/caches/modules-2/files-2.1/org.springframework/spring-expression/4.3.14.RELEASE/58477b44debcb49b09e962e3047ee74c2c033e89/spring-expression-4.3.14.RELEASE.jar:/Users/dev_koo/.gradle/caches/modules-2/files-2.1/org.springframework/spring-core/4.3.14.RELEASE/c70ddb6204457a802d1f6882d65bca3e5b3c41df/spring-core-4.3.14.RELEASE.jar:/Users/dev_koo/.gradle/caches/modules-2/files-2.1/org.springframework.boot/spring-boot-starter-logging/1.5.10.RELEASE/62c73688208b3173645d6701fc3eb95ca657e6c8/spring-boot-starter-logging-1.5.10.RELEASE.jar:/Users/dev_koo/.gradle/caches/modules-2/files-2.1/org.yaml/snakeyaml/1.17/7a27ea250c5130b2922b86dea63cbb1cc10a660c/snakeyaml-1.17.jar:/Users/dev_koo/.gradle/caches/modules-2/files-2.1/org.aspectj/aspectjweaver/1.8.13/ad94df2a28d658a40dc27bbaff6a1ce5fbf04e9b/aspectjweaver-1.8.13.jar:/Users/dev_koo/.gradle/caches/modules-2/files-2.1/org.apache.tomcat/tomcat-jdbc/8.5.27/f37dfae9e9afb6b2742e04a401e32264c5fec0ec/tomcat-jdbc-8.5.27.jar:/Users/dev_koo/.gradle/caches/modules-2/files-2.1/org.hibernate.common/hibernate-commons-annotations/5.0.1.Final/71e1cff3fcb20d3b3af4f3363c3ddb24d33c6879/hibernate-commons-annotations-5.0.1.Final.jar:/Users/dev_koo/.gradle/caches/modules-2/files-2.1/org.jboss.logging/jboss-logging/3.3.1.Final/c46217ab74b532568c0ed31dc599db3048bd1b67/jboss-logging-3.3.1.Final.jar:/Users/dev_koo/.gradle/caches/modules-2/files-2.1/org.hibernate.javax.persistence/hibernate-jpa-2.1-api/1.0.0.Final/5e731d961297e5a07290bfaf3db1fbc8bbbf405a/hibernate-jpa-2.1-api-1.0.0.Final.jar:/Users/dev_koo/.gradle/caches/modules-2/files-2.1/org.javassist/javassist/3.21.0-GA/598244f595db5c5fb713731eddbb1c91a58d959b/javassist-3.21.0-GA.jar:/Users/dev_koo/.gradle/caches/modules-2/files-2.1/antlr/antlr/2.7.7/83cd2cd674a217ade95a4bb83a8a14f351f48bd0/antlr-2.7.7.jar:/Users/dev_koo/.gradle/caches/modules-2/files-2.1/org.jboss.spec.javax.transaction/jboss-transaction-api_1.2_spec/1.0.1.Final/4441f144a2a1f46ed48fcc6b476a4b6295e6d524/jboss-transaction-api_1.2_spec-1.0.1.Final.jar:/Users/dev_koo/.gradle/caches/modules-2/files-2.1/org.jboss/jandex/2.0.3.Final/bfc4d6257dbff7a33a357f0de116be6ff951d849/jandex-2.0.3.Final.jar:/Users/dev_koo/.gradle/caches/modules-2/files-2.1/com.fasterxml/classmate/1.3.4/3d5f48f10bbe4eb7bd862f10c0583be2e0053c6/classmate-1.3.4.jar:/Users/dev_koo/.gradle/caches/modules-2/files-2.1/dom4j/dom4j/1.6.1/5d3ccc056b6f056dbf0dddfdf43894b9065a8f94/dom4j-1.6.1.jar:/Users/dev_koo/.gradle/caches/modules-2/files-2.1/net.bytebuddy/byte-buddy/1.6.14/871c3e49dc6183d0d361601c2f1d11abb1a6b48c/byte-buddy-1.6.14.jar:/Users/dev_koo/.gradle/caches/modules-2/files-2.1/org.slf4j/jcl-over-slf4j/1.7.25/f8c32b13ff142a513eeb5b6330b1588dcb2c0461/jcl-over-slf4j-1.7.25.jar:/Users/dev_koo/.gradle/caches/modules-2/files-2.1/com.github.jknack/handlebars/4.0.6/ccf00179b6648523e5c64b9b5fb783d89e42401b/handlebars-4.0.6.jar:/Users/dev_koo/.gradle/caches/modules-2/files-2.1/ch.qos.logback/logback-classic/1.1.11/ccedfbacef4a6515d2983e3f89ed753d5d4fb665/logback-classic-1.1.11.jar:/Users/dev_koo/.gradle/caches/modules-2/files-2.1/org.slf4j/jul-to-slf4j/1.7.25/af5364cd6679bfffb114f0dec8a157aaa283b76/jul-to-slf4j-1.7.25.jar:/Users/dev_koo/.gradle/caches/modules-2/files-2.1/org.slf4j/log4j-over-slf4j/1.7.25/a87bb47468f47ee7aabbd54f93e133d4215769c3/log4j-over-slf4j-1.7.25.jar:/Users/dev_koo/.gradle/caches/modules-2/files-2.1/org.slf4j/slf4j-api/1.7.25/da76ca59f6a57ee3102f8f9bd9cee742973efa8a/slf4j-api-1.7.25.jar:/Users/dev_koo/.gradle/caches/modules-2/files-2.1/org.apache.tomcat.embed/tomcat-embed-websocket/8.5.27/3cba1c5187a17b0233de5712024d6e144036ba9a/tomcat-embed-websocket-8.5.27.jar:/Users/dev_koo/.gradle/caches/modules-2/files-2.1/org.apache.tomcat.embed/tomcat-embed-core/8.5.27/a10612f0af27c7bfcc4e8d88393adad1fc5b4ece/tomcat-embed-core-8.5.27.jar:/Users/dev_koo/.gradle/caches/modules-2/files-2.1/org.apache.tomcat.embed/tomcat-embed-el/8.5.27/5a591bcf5c930d2b37bb40c0f95180604a3b1a57/tomcat-embed-el-8.5.27.jar:/Users/dev_koo/.gradle/caches/modules-2/files-2.1/javax.validation/validation-api/1.1.0.Final/8613ae82954779d518631e05daa73a6a954817d5/validation-api-1.1.0.Final.jar:/Users/dev_koo/.gradle/caches/modules-2/files-2.1/com.fasterxml.jackson.core/jackson-annotations/2.8.0/45b426f7796b741035581a176744d91090e2e6fb/jackson-annotations-2.8.0.jar:/Users/dev_koo/.gradle/caches/modules-2/files-2.1/com.fasterxml.jackson.core/jackson-core/2.8.10/eb21a035c66ad307e66ec8fce37f5d50fd62d039/jackson-core-2.8.10.jar:/Users/dev_koo/.gradle/caches/modules-2/files-2.1/com.google.guava/guava/14.0.1/69e12f4c6aeac392555f1ea86fab82b5e5e31ad4/guava-14.0.1.jar:/Users/dev_koo/.gradle/caches/modules-2/files-2.1/net.minidev/json-smart/2.2.1/5b9e5df7a62d1279b70dc882b041d249c4f0b002/json-smart-2.2.1.jar:/Users/dev_koo/.gradle/caches/modules-2/files-2.1/org.objenesis/objenesis/2.1/87c0ea803b69252868d09308b4618f766f135a96/objenesis-2.1.jar:/Users/dev_koo/.gradle/caches/modules-2/files-2.1/com.vaadin.external.google/android-json/0.0.20131108.vaadin1/fa26d351fe62a6a17f5cda1287c1c6110dec413f/android-json-0.0.20131108.vaadin1.jar:/Users/dev_koo/.gradle/caches/modules-2/files-2.1/org.apache.tomcat/tomcat-juli/8.5.27/583a08f2f59c6abdd86833b572b9a2f55e61a0f2/tomcat-juli-8.5.27.jar:/Users/dev_koo/.gradle/caches/modules-2/files-2.1/org.apache.tomcat/tomcat-annotations-api/8.5.27/122c0a4acaba72bf4590e83c9fbcb3475c46edc5/tomcat-annotations-api-8.5.27.jar:/Users/dev_koo/.gradle/caches/modules-2/files-2.1/org.apache.commons/commons-lang3/3.1/905075e6c80f206bbe6cf1e809d2caa69f420c76/commons-lang3-3.1.jar:/Users/dev_koo/.gradle/caches/modules-2/files-2.1/org.antlr/antlr4-runtime/4.5.1-1/66144204f9d6d7d3f3f775622c2dd7e9bd511d97/antlr4-runtime-4.5.1-1.jar:/Users/dev_koo/.gradle/caches/modules-2/files-2.1/org.mozilla/rhino/1.7R4/e982f2136574b9a423186fbaeaaa98dc3e5a5288/rhino-1.7R4.jar:/Users/dev_koo/.gradle/caches/modules-2/files-2.1/net.minidev/accessors-smart/1.1/a527213f2fea112a04c9bdf0ec0264e34104cd08/accessors-smart-1.1.jar:/Users/dev_koo/.gradle/caches/modules-2/files-2.1/ch.qos.logback/logback-core/1.1.11/88b8df40340eed549fb07e2613879bf6b006704d/logback-core-1.1.11.jar:/Users/dev_koo/.gradle/caches/modules-2/files-2.1/org.ow2.asm/asm/5.0.3/dcc2193db20e19e1feca8b1240dbbc4e190824fa/asm-5.0.3.jar, user.name=dev_koo, java.vm.specification.version=1.8, sun.java.command=worker.org.gradle.process.internal.worker.GradleWorkerMain 'Gradle Test Executor 1', java.home=/Library/Java/JavaVirtualMachines/jdk1.8.0_181.jdk/Contents/Home/jre, sun.arch.data.model=64, user.language=ko, java.specification.vendor=Oracle Corporation, awt.toolkit=sun.lwawt.macosx.LWCToolkit, java.vm.info=mixed mode, java.version=1.8.0_181, java.ext.dirs=/Users/dev_koo/Library/Java/Extensions:/Library/Java/JavaVirtualMachines/jdk1.8.0_181.jdk/Contents/Home/jre/lib/ext:/Library/Java/Extensions:/Network/Library/Java/Extensions:/System/Library/Java/Extensions:/usr/lib/java, sun.boot.class.path=/Library/Java/JavaVirtualMachines/jdk1.8.0_181.jdk/Contents/Home/jre/lib/resources.jar:/Library/Java/JavaVirtualMachines/jdk1.8.0_181.jdk/Contents/Home/jre/lib/rt.jar:/Library/Java/JavaVirtualMachines/jdk1.8.0_181.jdk/Contents/Home/jre/lib/sunrsasign.jar:/Library/Java/JavaVirtualMachines/jdk1.8.0_181.jdk/Contents/Home/jre/lib/jsse.jar:/Library/Java/JavaVirtualMachines/jdk1.8.0_181.jdk/Contents/Home/jre/lib/jce.jar:/Library/Java/JavaVirtualMachines/jdk1.8.0_181.jdk/Contents/Home/jre/lib/charsets.jar:/Library/Java/JavaVirtualMachines/jdk1.8.0_181.jdk/Contents/Home/jre/lib/jfr.jar:/Library/Java/JavaVirtualMachines/jdk1.8.0_181.jdk/Contents/Home/jre/classes, java.vendor=Oracle Corporation, org.gradle.test.worker=1, file.separator=/, java.vendor.url.bug=http://bugreport.sun.com/bugreport/, sun.io.unicode.encoding=UnicodeBig, sun.cpu.endian=little, socksNonProxyHosts=local|*.local|169.254/16|*.169.254/16|lx.astxsvc.com|*.lx.astxsvc.com, ftp.nonProxyHosts=local|*.local|169.254/16|*.169.254/16|lx.astxsvc.com|*.lx.astxsvc.com, sun.cpu.isalist=}}, SystemEnvironmentPropertySource@29262854 {name='systemEnvironment', properties={PATH=/usr/local/bin:/usr/bin:/bin:/usr/sbin:/sbin:/Applications/Wireshark.app/Contents/MacOS, JAVA_ARCH=x86_64, JAVA_MAIN_CLASS_8432=worker.org.gradle.process.internal.worker.GradleWorkerMain, TERM=xterm-256color, LANG=ko_KR.UTF-8, ITERM_SESSION_ID=w0t0p0:434A476B-BF5F-4325-ADCC-AEB173D7EA82, COLORTERM=truecolor, LOGNAME=dev_koo, XPC_SERVICE_NAME=0, PWD=/Users/dev_koo/fish_stagram, TERM_PROGRAM_VERSION=3.2.4, APP_NAME_8407=Gradle, SHELL=/bin/bash, APP_ICON_8407=/Users/dev_koo/fish_stagram/media/gradle.icns, TERM_PROGRAM=iTerm.app, SQLITE_EXEMPT_PATH_FROM_VNODE_GUARDS=/Users/dev_koo/Library/WebKit/Databases, OLDPWD=/Users/dev_koo/fish_stagram, USER=dev_koo, ITERM_PROFILE=Default, TMPDIR=/var/folders/54/dj0yq9q95s5351g35zl64f4r0000gn/T/, SSH_AUTH_SOCK=/private/tmp/com.apple.launchd.VbEzD2TDqV/Listeners, XPC_FLAGS=0x0, TERM_SESSION_ID=w0t0p0:434A476B-BF5F-4325-ADCC-AEB173D7EA82, __CF_USER_TEXT_ENCODING=0x1F5:0x3:0x33, Apple_PubSub_Socket_Render=/private/tmp/com.apple.launchd.uw0QOeC3TF/Render, com.apple.java.jvmTask=CommandLine, COLORFGBG=7;0, HOME=/Users/dev_koo, SHLVL=2, JAVA_MAIN_CLASS_8407=org.gradle.wrapper.GradleWrapperMain}}]
13:21:14.350 [Test worker] DEBUG org.springframework.core.io.support.PathMatchingResourcePatternResolver - Resolved classpath location [com/devkoo/webservice/web/] to resources [URL [file:/Users/dev_koo/fish_stagram/build/classes/java/test/com/devkoo/webservice/web/], URL [file:/Users/dev_koo/fish_stagram/build/classes/java/main/com/devkoo/webservice/web/]]
13:21:14.351 [Test worker] DEBUG org.springframework.core.io.support.PathMatchingResourcePatternResolver - Looking for matching resources in directory tree [/Users/dev_koo/fish_stagram/build/classes/java/test/com/devkoo/webservice/web]
13:21:14.351 [Test worker] DEBUG org.springframework.core.io.support.PathMatchingResourcePatternResolver - Searching directory [/Users/dev_koo/fish_stagram/build/classes/java/test/com/devkoo/webservice/web] for files matching pattern [/Users/dev_koo/fish_stagram/build/classes/java/test/com/devkoo/webservice/web/*.class]
13:21:14.353 [Test worker] DEBUG org.springframework.core.io.support.PathMatchingResourcePatternResolver - Looking for matching resources in directory tree [/Users/dev_koo/fish_stagram/build/classes/java/main/com/devkoo/webservice/web]
13:21:14.354 [Test worker] DEBUG org.springframework.core.io.support.PathMatchingResourcePatternResolver - Searching directory [/Users/dev_koo/fish_stagram/build/classes/java/main/com/devkoo/webservice/web] for files matching pattern [/Users/dev_koo/fish_stagram/build/classes/java/main/com/devkoo/webservice/web/*.class]
13:21:14.354 [Test worker] DEBUG org.springframework.core.io.support.PathMatchingResourcePatternResolver - Resolved location pattern [classpath*:com/devkoo/webservice/web/*.class] to resources [file [/Users/dev_koo/fish_stagram/build/classes/java/test/com/devkoo/webservice/web/WebControllerTest.class], file [/Users/dev_koo/fish_stagram/build/classes/java/test/com/devkoo/webservice/web/WebRestControllerTest.class], file [/Users/dev_koo/fish_stagram/build/classes/java/main/com/devkoo/webservice/web/WebController.class], file [/Users/dev_koo/fish_stagram/build/classes/java/main/com/devkoo/webservice/web/WebRestController.class]]
13:21:14.389 [Test worker] DEBUG org.springframework.core.io.support.PathMatchingResourcePatternResolver - Resolved classpath location [com/devkoo/webservice/] to resources [URL [file:/Users/dev_koo/fish_stagram/build/classes/java/test/com/devkoo/webservice/], URL [file:/Users/dev_koo/fish_stagram/build/classes/java/main/com/devkoo/webservice/]]
13:21:14.389 [Test worker] DEBUG org.springframework.core.io.support.PathMatchingResourcePatternResolver - Looking for matching resources in directory tree [/Users/dev_koo/fish_stagram/build/classes/java/test/com/devkoo/webservice]
13:21:14.390 [Test worker] DEBUG org.springframework.core.io.support.PathMatchingResourcePatternResolver - Searching directory [/Users/dev_koo/fish_stagram/build/classes/java/test/com/devkoo/webservice] for files matching pattern [/Users/dev_koo/fish_stagram/build/classes/java/test/com/devkoo/webservice/*.class]
13:21:14.391 [Test worker] DEBUG org.springframework.core.io.support.PathMatchingResourcePatternResolver - Looking for matching resources in directory tree [/Users/dev_koo/fish_stagram/build/classes/java/main/com/devkoo/webservice]
13:21:14.391 [Test worker] DEBUG org.springframework.core.io.support.PathMatchingResourcePatternResolver - Searching directory [/Users/dev_koo/fish_stagram/build/classes/java/main/com/devkoo/webservice] for files matching pattern [/Users/dev_koo/fish_stagram/build/classes/java/main/com/devkoo/webservice/*.class]
13:21:14.393 [Test worker] DEBUG org.springframework.core.io.support.PathMatchingResourcePatternResolver - Resolved location pattern [classpath*:com/devkoo/webservice/*.class] to resources [file [/Users/dev_koo/fish_stagram/build/classes/java/test/com/devkoo/webservice/ApplicationTests.class], file [/Users/dev_koo/fish_stagram/build/classes/java/main/com/devkoo/webservice/Application.class]]
13:21:14.424 [Test worker] DEBUG org.springframework.context.annotation.ClassPathScanningCandidateComponentProvider - Identified candidate component class: file [/Users/dev_koo/fish_stagram/build/classes/java/main/com/devkoo/webservice/Application.class]
13:21:14.425 [Test worker] INFO org.springframework.boot.test.context.SpringBootTestContextBootstrapper - Found @SpringBootConfiguration com.devkoo.webservice.Application for test class com.devkoo.webservice.web.WebControllerTest
13:21:14.427 [Test worker] DEBUG org.springframework.boot.test.context.SpringBootTestContextBootstrapper - @TestExecutionListeners is not present for class [com.devkoo.webservice.web.WebControllerTest]: using defaults.
13:21:14.430 [Test worker] INFO org.springframework.boot.test.context.SpringBootTestContextBootstrapper - Loaded default TestExecutionListener class names from location [META-INF/spring.factories]: [org.springframework.boot.test.autoconfigure.restdocs.RestDocsTestExecutionListener, org.springframework.boot.test.autoconfigure.web.client.MockRestServiceServerResetTestExecutionListener, org.springframework.boot.test.autoconfigure.web.servlet.MockMvcPrintOnlyOnFailureTestExecutionListener, org.springframework.boot.test.autoconfigure.web.servlet.WebDriverTestExecutionListener, org.springframework.boot.test.mock.mockito.MockitoTestExecutionListener, org.springframework.boot.test.mock.mockito.ResetMocksTestExecutionListener, org.springframework.test.context.web.ServletTestExecutionListener, org.springframework.test.context.support.DirtiesContextBeforeModesTestExecutionListener, org.springframework.test.context.support.DependencyInjectionTestExecutionListener, org.springframework.test.context.support.DirtiesContextTestExecutionListener, org.springframework.test.context.transaction.TransactionalTestExecutionListener, org.springframework.test.context.jdbc.SqlScriptsTestExecutionListener]
13:21:14.453 [Test worker] INFO org.springframework.boot.test.context.SpringBootTestContextBootstrapper - Using TestExecutionListeners: [org.springframework.test.context.web.ServletTestExecutionListener@112f87ad, org.springframework.test.context.support.DirtiesContextBeforeModesTestExecutionListener@9d55f67, org.springframework.boot.test.autoconfigure.SpringBootDependencyInjectionTestExecutionListener@39a9148a, org.springframework.test.context.support.DirtiesContextTestExecutionListener@6d27c800, org.springframework.test.context.transaction.TransactionalTestExecutionListener@5838e6, org.springframework.test.context.jdbc.SqlScriptsTestExecutionListener@235571ed, org.springframework.boot.test.autoconfigure.restdocs.RestDocsTestExecutionListener@52293c49, org.springframework.boot.test.autoconfigure.web.client.MockRestServiceServerResetTestExecutionListener@11d99c4, org.springframework.boot.test.autoconfigure.web.servlet.MockMvcPrintOnlyOnFailureTestExecutionListener@40430e09, org.springframework.boot.test.autoconfigure.web.servlet.WebDriverTestExecutionListener@4811d5f5, org.springframework.boot.test.mock.mockito.MockitoTestExecutionListener@53c163ca, org.springframework.boot.test.mock.mockito.ResetMocksTestExecutionListener@3eff03cf]
13:21:14.456 [Test worker] DEBUG org.springframework.test.annotation.ProfileValueUtils - Retrieved @ProfileValueSourceConfiguration [null] for test class [com.devkoo.webservice.web.WebControllerTest]
13:21:14.456 [Test worker] DEBUG org.springframework.test.annotation.ProfileValueUtils - Retrieved ProfileValueSource type [class org.springframework.test.annotation.SystemProfileValueSource] for class [com.devkoo.webservice.web.WebControllerTest]
13:21:14.457 [Test worker] DEBUG org.springframework.test.annotation.ProfileValueUtils - Retrieved @ProfileValueSourceConfiguration [null] for test class [com.devkoo.webservice.web.WebControllerTest]
13:21:14.458 [Test worker] DEBUG org.springframework.test.annotation.ProfileValueUtils - Retrieved ProfileValueSource type [class org.springframework.test.annotation.SystemProfileValueSource] for class [com.devkoo.webservice.web.WebControllerTest]
13:21:14.462 [Test worker] DEBUG org.springframework.test.context.support.AbstractDirtiesContextTestExecutionListener - Before test class: context [DefaultTestContext@1cd4b8ff testClass = WebControllerTest, testInstance = [null], testMethod = [null], testException = [null], mergedContextConfiguration = [WebMergedContextConfiguration@3f6ccb03 testClass = WebControllerTest, locations = '{}', classes = '{class com.devkoo.webservice.Application}', contextInitializerClasses = '[]', activeProfiles = '{}', propertySourceLocations = '{}', propertySourceProperties = '{org.springframework.boot.test.context.SpringBootTestContextBootstrapper=true, server.port=0}', contextCustomizers = set[org.springframework.boot.test.autoconfigure.properties.PropertyMappingContextCustomizer@0, org.springframework.boot.test.autoconfigure.web.servlet.WebDriverContextCustomizerFactory$Customizer@aa72cf5, org.springframework.boot.test.context.SpringBootTestContextCustomizer@628f5bec, org.springframework.boot.test.context.filter.ExcludeFilterContextCustomizer@3780925e, org.springframework.boot.test.json.DuplicateJsonObjectContextCustomizerFactory$DuplicateJsonObjectContextCustomizer@1bba25b0, org.springframework.boot.test.mock.mockito.MockitoContextCustomizer@0], resourceBasePath = 'src/main/webapp', contextLoader = 'org.springframework.boot.test.context.SpringBootContextLoader', parent = [null]]], class annotated with @DirtiesContext [false] with mode [null].
13:21:14.463 [Test worker] DEBUG org.springframework.test.annotation.ProfileValueUtils - Retrieved @ProfileValueSourceConfiguration [null] for test class [com.devkoo.webservice.web.WebControllerTest]
13:21:14.464 [Test worker] DEBUG org.springframework.test.annotation.ProfileValueUtils - Retrieved ProfileValueSource type [class org.springframework.test.annotation.SystemProfileValueSource] for class [com.devkoo.webservice.web.WebControllerTest]
13:21:14.465 [Test worker] DEBUG org.springframework.test.context.support.DependencyInjectionTestExecutionListener - Performing dependency injection for test context [[DefaultTestContext@1cd4b8ff testClass = WebControllerTest, testInstance = com.devkoo.webservice.web.WebControllerTest@51c62c25, testMethod = [null], testException = [null], mergedContextConfiguration = [WebMergedContextConfiguration@3f6ccb03 testClass = WebControllerTest, locations = '{}', classes = '{class com.devkoo.webservice.Application}', contextInitializerClasses = '[]', activeProfiles = '{}', propertySourceLocations = '{}', propertySourceProperties = '{org.springframework.boot.test.context.SpringBootTestContextBootstrapper=true, server.port=0}', contextCustomizers = set[org.springframework.boot.test.autoconfigure.properties.PropertyMappingContextCustomizer@0, org.springframework.boot.test.autoconfigure.web.servlet.WebDriverContextCustomizerFactory$Customizer@aa72cf5, org.springframework.boot.test.context.SpringBootTestContextCustomizer@628f5bec, org.springframework.boot.test.context.filter.ExcludeFilterContextCustomizer@3780925e, org.springframework.boot.test.json.DuplicateJsonObjectContextCustomizerFactory$DuplicateJsonObjectContextCustomizer@1bba25b0, org.springframework.boot.test.mock.mockito.MockitoContextCustomizer@0], resourceBasePath = 'src/main/webapp', contextLoader = 'org.springframework.boot.test.context.SpringBootContextLoader', parent = [null]]]].
13:21:14.534 [Test worker] DEBUG org.springframework.core.env.StandardEnvironment - Adding PropertySource 'systemProperties' with lowest search precedence
13:21:14.535 [Test worker] DEBUG org.springframework.core.env.StandardEnvironment - Adding PropertySource 'systemEnvironment' with lowest search precedence
13:21:14.535 [Test worker] DEBUG org.springframework.core.env.StandardEnvironment - Initialized StandardEnvironment with PropertySources [MapPropertySource@1531320118 {name='systemProperties', properties={java.runtime.name=Java(TM) SE Runtime Environment, sun.boot.library.path=/Library/Java/JavaVirtualMachines/jdk1.8.0_181.jdk/Contents/Home/jre/lib, java.vm.version=25.181-b13, gopherProxySet=false, java.vm.vendor=Oracle Corporation, java.vendor.url=http://java.oracle.com/, path.separator=:, java.vm.name=Java HotSpot(TM) 64-Bit Server VM, file.encoding.pkg=sun.io, sun.java.launcher=SUN_STANDARD, user.country=KR, sun.os.patch.level=unknown, java.vm.specification.name=Java Virtual Machine Specification, user.dir=/Users/dev_koo/fish_stagram, java.runtime.version=1.8.0_181-b13, java.awt.graphicsenv=sun.awt.CGraphicsEnvironment, java.endorsed.dirs=/Library/Java/JavaVirtualMachines/jdk1.8.0_181.jdk/Contents/Home/jre/lib/endorsed, os.arch=x86_64, java.io.tmpdir=/var/folders/54/dj0yq9q95s5351g35zl64f4r0000gn/T/, line.separator=
, java.vm.specification.vendor=Oracle Corporation, user.variant=, os.name=Mac OS X, sun.jnu.encoding=UTF-8, java.library.path=/Users/dev_koo/Library/Java/Extensions:/Library/Java/Extensions:/Network/Library/Java/Extensions:/System/Library/Java/Extensions:/usr/lib/java:., java.specification.name=Java Platform API Specification, java.class.version=52.0, org.gradle.native=false, sun.management.compiler=HotSpot 64-Bit Tiered Compilers, os.version=10.14.1, http.nonProxyHosts=local|*.local|169.254/16|*.169.254/16|lx.astxsvc.com|*.lx.astxsvc.com, user.home=/Users/dev_koo, user.timezone=Asia/Seoul, java.awt.printerjob=sun.lwawt.macosx.CPrinterJob, file.encoding=UTF-8, java.specification.version=1.8, java.class.path=/Users/dev_koo/fish_stagram/build/classes/java/test:/Users/dev_koo/fish_stagram/build/resources/test:/Users/dev_koo/fish_stagram/build/classes/java/main:/Users/dev_koo/fish_stagram/build/resources/main:/Users/dev_koo/.gradle/caches/modules-2/files-2.1/org.springframework.boot/spring-boot-starter-actuator/1.5.10.RELEASE/64cfc9842b6b608b132ff258934db9045733f678/spring-boot-starter-actuator-1.5.10.RELEASE.jar:/Users/dev_koo/.gradle/caches/modules-2/files-2.1/org.springframework.boot/spring-boot-starter-data-jpa/1.5.10.RELEASE/ca30f9060231d3161d325580098d326754a2f4e1/spring-boot-starter-data-jpa-1.5.10.RELEASE.jar:/Users/dev_koo/.gradle/caches/modules-2/files-2.1/pl.allegro.tech.boot/handlebars-spring-boot-starter/0.2.15/531b0b7b46f3bb671a847a8417af6fe6be0bb3bf/handlebars-spring-boot-starter-0.2.15.jar:/Users/dev_koo/.gradle/caches/modules-2/files-2.1/org.springframework.boot/spring-boot-starter-web/1.5.10.RELEASE/8bc445f3ee81e5322e46b28cbb33bca1800b69d9/spring-boot-starter-web-1.5.10.RELEASE.jar:/Users/dev_koo/.gradle/caches/modules-2/files-2.1/mysql/mysql-connector-java/5.1.45/ee64ec436a87c35362176ea300d69c912d1cbeac/mysql-connector-java-5.1.45.jar:/Users/dev_koo/.gradle/caches/modules-2/files-2.1/org.mariadb.jdbc/mariadb-java-client/1.5.9/75d4d6e4cdb9a551a102e92a14c640768174e214/mariadb-java-client-1.5.9.jar:/Users/dev_koo/.gradle/caches/modules-2/files-2.1/com.h2database/h2/1.4.196/dd0034398d593aa3588c6773faac429bbd9aea0e/h2-1.4.196.jar:/Users/dev_koo/.gradle/caches/modules-2/files-2.1/org.springframework.boot/spring-boot-starter-test/1.5.10.RELEASE/d4e1be51061d71b55f4bd4458d8437d1b943a70/spring-boot-starter-test-1.5.10.RELEASE.jar:/Users/dev_koo/.gradle/caches/modules-2/files-2.1/org.springframework.boot/spring-boot-starter-aop/1.5.10.RELEASE/2e58fd451d9e89a539a2c15efc5089d81dd7a686/spring-boot-starter-aop-1.5.10.RELEASE.jar:/Users/dev_koo/.gradle/caches/modules-2/files-2.1/org.springframework.boot/spring-boot-starter-jdbc/1.5.10.RELEASE/f78396b57f70a0ca8422bcbe8959aa49baf49023/spring-boot-starter-jdbc-1.5.10.RELEASE.jar:/Users/dev_koo/.gradle/caches/modules-2/files-2.1/org.springframework.boot/spring-boot-starter/1.5.10.RELEASE/d935ac98f84c1d97d7ccd702d21abdc236fa7aa0/spring-boot-starter-1.5.10.RELEASE.jar:/Users/dev_koo/.gradle/caches/modules-2/files-2.1/org.springframework.boot/spring-boot-actuator/1.5.10.RELEASE/6cd22e2348aec18a19bedf86b5fb6d932d3f8c18/spring-boot-actuator-1.5.10.RELEASE.jar:/Users/dev_koo/.gradle/caches/modules-2/files-2.1/org.hibernate/hibernate-entitymanager/5.2.11.Final/5a4e82a2fc99c5b3e07db5d88272364dc27c10dc/hibernate-entitymanager-5.2.11.Final.jar:/Users/dev_koo/.gradle/caches/modules-2/files-2.1/org.hibernate/hibernate-core/5.2.11.Final/c7bc35a9caccb66f6b7209849c5feab8241abb76/hibernate-core-5.2.11.Final.jar:/Users/dev_koo/.gradle/caches/modules-2/files-2.1/javax.transaction/javax.transaction-api/1.2/d81aff979d603edd90dcd8db2abc1f4ce6479e3e/javax.transaction-api-1.2.jar:/Users/dev_koo/.gradle/caches/modules-2/files-2.1/org.springframework.data/spring-data-jpa/1.11.10.RELEASE/82ec646adc5d33b7b1d8f52e90c0ea030f0888ca/spring-data-jpa-1.11.10.RELEASE.jar:/Users/dev_koo/.gradle/caches/modules-2/files-2.1/org.springframework/spring-aspects/4.3.14.RELEASE/e2d10895e7142dd4c5e979407fe4539146429618/spring-aspects-4.3.14.RELEASE.jar:/Users/dev_koo/.gradle/caches/modules-2/files-2.1/org.springframework.boot/spring-boot-starter-tomcat/1.5.10.RELEASE/11e474e265f1c68fc435dddbac42ab3574b5e4b6/spring-boot-starter-tomcat-1.5.10.RELEASE.jar:/Users/dev_koo/.gradle/caches/modules-2/files-2.1/org.hibernate/hibernate-validator/5.3.6.Final/4c730be8bf55a8e9a61e79a2f2c079abf48b718/hibernate-validator-5.3.6.Final.jar:/Users/dev_koo/.gradle/caches/modules-2/files-2.1/com.fasterxml.jackson.core/jackson-databind/2.8.10/f7b83cb2bc4b88d53961e749e1ad32f49ef017b7/jackson-databind-2.8.10.jar:/Users/dev_koo/.gradle/caches/modules-2/files-2.1/com.github.jknack/handlebars-springmvc/4.0.6/9ba68e909ac82fe491ccd389942dd6062f131f05/handlebars-springmvc-4.0.6.jar:/Users/dev_koo/.gradle/caches/modules-2/files-2.1/org.springframework/spring-webmvc/4.3.14.RELEASE/1571eab8a807005d424ca16fedd54b1f439787b2/spring-webmvc-4.3.14.RELEASE.jar:/Users/dev_koo/.gradle/caches/modules-2/files-2.1/org.springframework/spring-web/4.3.14.RELEASE/a0c3bf3ad661db185675bd5af350f35ed11f0903/spring-web-4.3.14.RELEASE.jar:/Users/dev_koo/.gradle/caches/modules-2/files-2.1/com.github.jknack/handlebars-guava-cache/4.0.6/6e746e6f36ce5a8b63efcd68ac6fa48a8e85bd90/handlebars-guava-cache-4.0.6.jar:/Users/dev_koo/.gradle/caches/modules-2/files-2.1/org.springframework.boot/spring-boot-test-autoconfigure/1.5.10.RELEASE/55242f7c194fb141de8460a92e92b716469fc3a8/spring-boot-test-autoconfigure-1.5.10.RELEASE.jar:/Users/dev_koo/.gradle/caches/modules-2/files-2.1/org.springframework.boot/spring-boot-test/1.5.10.RELEASE/b7f28e8896906f0bbbb951727a7c5581c562d1c9/spring-boot-test-1.5.10.RELEASE.jar:/Users/dev_koo/.gradle/caches/modules-2/files-2.1/com.jayway.jsonpath/json-path/2.2.0/22290d17944bd239fabf5ac69005a60a7ecbbbcb/json-path-2.2.0.jar:/Users/dev_koo/.gradle/caches/modules-2/files-2.1/junit/junit/4.12/2973d150c0dc1fefe998f834810d68f278ea58ec/junit-4.12.jar:/Users/dev_koo/.gradle/caches/modules-2/files-2.1/org.assertj/assertj-core/2.6.0/b532c3fc4f66bcfee4989a3514f1cd56203a33ad/assertj-core-2.6.0.jar:/Users/dev_koo/.gradle/caches/modules-2/files-2.1/org.mockito/mockito-core/1.10.19/e8546f5bef4e061d8dd73895b4e8f40e3fe6effe/mockito-core-1.10.19.jar:/Users/dev_koo/.gradle/caches/modules-2/files-2.1/org.hamcrest/hamcrest-library/1.3/4785a3c21320980282f9f33d0d1264a69040538f/hamcrest-library-1.3.jar:/Users/dev_koo/.gradle/caches/modules-2/files-2.1/org.hamcrest/hamcrest-core/1.3/42a25dc3219429f0e5d060061f71acb49bf010a0/hamcrest-core-1.3.jar:/Users/dev_koo/.gradle/caches/modules-2/files-2.1/org.skyscreamer/jsonassert/1.4.0/9cdbb373a06f6513e51e8c545ee6a5e981463edb/jsonassert-1.4.0.jar:/Users/dev_koo/.gradle/caches/modules-2/files-2.1/org.springframework/spring-test/4.3.14.RELEASE/1a7f6f51a263a3e09e94403653348b3864412c53/spring-test-4.3.14.RELEASE.jar:/Users/dev_koo/.gradle/caches/modules-2/files-2.1/org.springframework.boot/spring-boot-autoconfigure/1.5.10.RELEASE/be96efab0d35181f18c486b0ec8d6a41a7042fce/spring-boot-autoconfigure-1.5.10.RELEASE.jar:/Users/dev_koo/.gradle/caches/modules-2/files-2.1/org.springframework.boot/spring-boot/1.5.10.RELEASE/594b3efa04829f62754a19f59f81ba204636167a/spring-boot-1.5.10.RELEASE.jar:/Users/dev_koo/.gradle/caches/modules-2/files-2.1/org.springframework/spring-context/4.3.14.RELEASE/e50a712960926c30e537ef4a633f5d9dd5a8b155/spring-context-4.3.14.RELEASE.jar:/Users/dev_koo/.gradle/caches/modules-2/files-2.1/org.springframework/spring-aop/4.3.14.RELEASE/dfe55b0592aead8e3eb0e6a4e98db433b9e09bd7/spring-aop-4.3.14.RELEASE.jar:/Users/dev_koo/.gradle/caches/modules-2/files-2.1/org.springframework/spring-orm/4.3.14.RELEASE/721bc451d02070954ebee039d419b410c4697fcb/spring-orm-4.3.14.RELEASE.jar:/Users/dev_koo/.gradle/caches/modules-2/files-2.1/org.springframework/spring-jdbc/4.3.14.RELEASE/1b1b9045d9ec1e067d99bf158210e9e7cf2ebfd2/spring-jdbc-4.3.14.RELEASE.jar:/Users/dev_koo/.gradle/caches/modules-2/files-2.1/org.springframework.data/spring-data-commons/1.13.10.RELEASE/b732245a0902b561b0c33e54cd0f382e9ac444ed/spring-data-commons-1.13.10.RELEASE.jar:/Users/dev_koo/.gradle/caches/modules-2/files-2.1/org.springframework/spring-tx/4.3.14.RELEASE/1c9449fcb805837db3c706eab4c729f89688a267/spring-tx-4.3.14.RELEASE.jar:/Users/dev_koo/.gradle/caches/modules-2/files-2.1/org.springframework/spring-beans/4.3.14.RELEASE/7bcd17a68dd64e9447d7bff2c42ba7417678596e/spring-beans-4.3.14.RELEASE.jar:/Users/dev_koo/.gradle/caches/modules-2/files-2.1/org.springframework/spring-expression/4.3.14.RELEASE/58477b44debcb49b09e962e3047ee74c2c033e89/spring-expression-4.3.14.RELEASE.jar:/Users/dev_koo/.gradle/caches/modules-2/files-2.1/org.springframework/spring-core/4.3.14.RELEASE/c70ddb6204457a802d1f6882d65bca3e5b3c41df/spring-core-4.3.14.RELEASE.jar:/Users/dev_koo/.gradle/caches/modules-2/files-2.1/org.springframework.boot/spring-boot-starter-logging/1.5.10.RELEASE/62c73688208b3173645d6701fc3eb95ca657e6c8/spring-boot-starter-logging-1.5.10.RELEASE.jar:/Users/dev_koo/.gradle/caches/modules-2/files-2.1/org.yaml/snakeyaml/1.17/7a27ea250c5130b2922b86dea63cbb1cc10a660c/snakeyaml-1.17.jar:/Users/dev_koo/.gradle/caches/modules-2/files-2.1/org.aspectj/aspectjweaver/1.8.13/ad94df2a28d658a40dc27bbaff6a1ce5fbf04e9b/aspectjweaver-1.8.13.jar:/Users/dev_koo/.gradle/caches/modules-2/files-2.1/org.apache.tomcat/tomcat-jdbc/8.5.27/f37dfae9e9afb6b2742e04a401e32264c5fec0ec/tomcat-jdbc-8.5.27.jar:/Users/dev_koo/.gradle/caches/modules-2/files-2.1/org.hibernate.common/hibernate-commons-annotations/5.0.1.Final/71e1cff3fcb20d3b3af4f3363c3ddb24d33c6879/hibernate-commons-annotations-5.0.1.Final.jar:/Users/dev_koo/.gradle/caches/modules-2/files-2.1/org.jboss.logging/jboss-logging/3.3.1.Final/c46217ab74b532568c0ed31dc599db3048bd1b67/jboss-logging-3.3.1.Final.jar:/Users/dev_koo/.gradle/caches/modules-2/files-2.1/org.hibernate.javax.persistence/hibernate-jpa-2.1-api/1.0.0.Final/5e731d961297e5a07290bfaf3db1fbc8bbbf405a/hibernate-jpa-2.1-api-1.0.0.Final.jar:/Users/dev_koo/.gradle/caches/modules-2/files-2.1/org.javassist/javassist/3.21.0-GA/598244f595db5c5fb713731eddbb1c91a58d959b/javassist-3.21.0-GA.jar:/Users/dev_koo/.gradle/caches/modules-2/files-2.1/antlr/antlr/2.7.7/83cd2cd674a217ade95a4bb83a8a14f351f48bd0/antlr-2.7.7.jar:/Users/dev_koo/.gradle/caches/modules-2/files-2.1/org.jboss.spec.javax.transaction/jboss-transaction-api_1.2_spec/1.0.1.Final/4441f144a2a1f46ed48fcc6b476a4b6295e6d524/jboss-transaction-api_1.2_spec-1.0.1.Final.jar:/Users/dev_koo/.gradle/caches/modules-2/files-2.1/org.jboss/jandex/2.0.3.Final/bfc4d6257dbff7a33a357f0de116be6ff951d849/jandex-2.0.3.Final.jar:/Users/dev_koo/.gradle/caches/modules-2/files-2.1/com.fasterxml/classmate/1.3.4/3d5f48f10bbe4eb7bd862f10c0583be2e0053c6/classmate-1.3.4.jar:/Users/dev_koo/.gradle/caches/modules-2/files-2.1/dom4j/dom4j/1.6.1/5d3ccc056b6f056dbf0dddfdf43894b9065a8f94/dom4j-1.6.1.jar:/Users/dev_koo/.gradle/caches/modules-2/files-2.1/net.bytebuddy/byte-buddy/1.6.14/871c3e49dc6183d0d361601c2f1d11abb1a6b48c/byte-buddy-1.6.14.jar:/Users/dev_koo/.gradle/caches/modules-2/files-2.1/org.slf4j/jcl-over-slf4j/1.7.25/f8c32b13ff142a513eeb5b6330b1588dcb2c0461/jcl-over-slf4j-1.7.25.jar:/Users/dev_koo/.gradle/caches/modules-2/files-2.1/com.github.jknack/handlebars/4.0.6/ccf00179b6648523e5c64b9b5fb783d89e42401b/handlebars-4.0.6.jar:/Users/dev_koo/.gradle/caches/modules-2/files-2.1/ch.qos.logback/logback-classic/1.1.11/ccedfbacef4a6515d2983e3f89ed753d5d4fb665/logback-classic-1.1.11.jar:/Users/dev_koo/.gradle/caches/modules-2/files-2.1/org.slf4j/jul-to-slf4j/1.7.25/af5364cd6679bfffb114f0dec8a157aaa283b76/jul-to-slf4j-1.7.25.jar:/Users/dev_koo/.gradle/caches/modules-2/files-2.1/org.slf4j/log4j-over-slf4j/1.7.25/a87bb47468f47ee7aabbd54f93e133d4215769c3/log4j-over-slf4j-1.7.25.jar:/Users/dev_koo/.gradle/caches/modules-2/files-2.1/org.slf4j/slf4j-api/1.7.25/da76ca59f6a57ee3102f8f9bd9cee742973efa8a/slf4j-api-1.7.25.jar:/Users/dev_koo/.gradle/caches/modules-2/files-2.1/org.apache.tomcat.embed/tomcat-embed-websocket/8.5.27/3cba1c5187a17b0233de5712024d6e144036ba9a/tomcat-embed-websocket-8.5.27.jar:/Users/dev_koo/.gradle/caches/modules-2/files-2.1/org.apache.tomcat.embed/tomcat-embed-core/8.5.27/a10612f0af27c7bfcc4e8d88393adad1fc5b4ece/tomcat-embed-core-8.5.27.jar:/Users/dev_koo/.gradle/caches/modules-2/files-2.1/org.apache.tomcat.embed/tomcat-embed-el/8.5.27/5a591bcf5c930d2b37bb40c0f95180604a3b1a57/tomcat-embed-el-8.5.27.jar:/Users/dev_koo/.gradle/caches/modules-2/files-2.1/javax.validation/validation-api/1.1.0.Final/8613ae82954779d518631e05daa73a6a954817d5/validation-api-1.1.0.Final.jar:/Users/dev_koo/.gradle/caches/modules-2/files-2.1/com.fasterxml.jackson.core/jackson-annotations/2.8.0/45b426f7796b741035581a176744d91090e2e6fb/jackson-annotations-2.8.0.jar:/Users/dev_koo/.gradle/caches/modules-2/files-2.1/com.fasterxml.jackson.core/jackson-core/2.8.10/eb21a035c66ad307e66ec8fce37f5d50fd62d039/jackson-core-2.8.10.jar:/Users/dev_koo/.gradle/caches/modules-2/files-2.1/com.google.guava/guava/14.0.1/69e12f4c6aeac392555f1ea86fab82b5e5e31ad4/guava-14.0.1.jar:/Users/dev_koo/.gradle/caches/modules-2/files-2.1/net.minidev/json-smart/2.2.1/5b9e5df7a62d1279b70dc882b041d249c4f0b002/json-smart-2.2.1.jar:/Users/dev_koo/.gradle/caches/modules-2/files-2.1/org.objenesis/objenesis/2.1/87c0ea803b69252868d09308b4618f766f135a96/objenesis-2.1.jar:/Users/dev_koo/.gradle/caches/modules-2/files-2.1/com.vaadin.external.google/android-json/0.0.20131108.vaadin1/fa26d351fe62a6a17f5cda1287c1c6110dec413f/android-json-0.0.20131108.vaadin1.jar:/Users/dev_koo/.gradle/caches/modules-2/files-2.1/org.apache.tomcat/tomcat-juli/8.5.27/583a08f2f59c6abdd86833b572b9a2f55e61a0f2/tomcat-juli-8.5.27.jar:/Users/dev_koo/.gradle/caches/modules-2/files-2.1/org.apache.tomcat/tomcat-annotations-api/8.5.27/122c0a4acaba72bf4590e83c9fbcb3475c46edc5/tomcat-annotations-api-8.5.27.jar:/Users/dev_koo/.gradle/caches/modules-2/files-2.1/org.apache.commons/commons-lang3/3.1/905075e6c80f206bbe6cf1e809d2caa69f420c76/commons-lang3-3.1.jar:/Users/dev_koo/.gradle/caches/modules-2/files-2.1/org.antlr/antlr4-runtime/4.5.1-1/66144204f9d6d7d3f3f775622c2dd7e9bd511d97/antlr4-runtime-4.5.1-1.jar:/Users/dev_koo/.gradle/caches/modules-2/files-2.1/org.mozilla/rhino/1.7R4/e982f2136574b9a423186fbaeaaa98dc3e5a5288/rhino-1.7R4.jar:/Users/dev_koo/.gradle/caches/modules-2/files-2.1/net.minidev/accessors-smart/1.1/a527213f2fea112a04c9bdf0ec0264e34104cd08/accessors-smart-1.1.jar:/Users/dev_koo/.gradle/caches/modules-2/files-2.1/ch.qos.logback/logback-core/1.1.11/88b8df40340eed549fb07e2613879bf6b006704d/logback-core-1.1.11.jar:/Users/dev_koo/.gradle/caches/modules-2/files-2.1/org.ow2.asm/asm/5.0.3/dcc2193db20e19e1feca8b1240dbbc4e190824fa/asm-5.0.3.jar, user.name=dev_koo, java.vm.specification.version=1.8, sun.java.command=worker.org.gradle.process.internal.worker.GradleWorkerMain 'Gradle Test Executor 1', java.home=/Library/Java/JavaVirtualMachines/jdk1.8.0_181.jdk/Contents/Home/jre, sun.arch.data.model=64, user.language=ko, java.specification.vendor=Oracle Corporation, awt.toolkit=sun.lwawt.macosx.LWCToolkit, java.vm.info=mixed mode, java.version=1.8.0_181, java.ext.dirs=/Users/dev_koo/Library/Java/Extensions:/Library/Java/JavaVirtualMachines/jdk1.8.0_181.jdk/Contents/Home/jre/lib/ext:/Library/Java/Extensions:/Network/Library/Java/Extensions:/System/Library/Java/Extensions:/usr/lib/java, sun.boot.class.path=/Library/Java/JavaVirtualMachines/jdk1.8.0_181.jdk/Contents/Home/jre/lib/resources.jar:/Library/Java/JavaVirtualMachines/jdk1.8.0_181.jdk/Contents/Home/jre/lib/rt.jar:/Library/Java/JavaVirtualMachines/jdk1.8.0_181.jdk/Contents/Home/jre/lib/sunrsasign.jar:/Library/Java/JavaVirtualMachines/jdk1.8.0_181.jdk/Contents/Home/jre/lib/jsse.jar:/Library/Java/JavaVirtualMachines/jdk1.8.0_181.jdk/Contents/Home/jre/lib/jce.jar:/Library/Java/JavaVirtualMachines/jdk1.8.0_181.jdk/Contents/Home/jre/lib/charsets.jar:/Library/Java/JavaVirtualMachines/jdk1.8.0_181.jdk/Contents/Home/jre/lib/jfr.jar:/Library/Java/JavaVirtualMachines/jdk1.8.0_181.jdk/Contents/Home/jre/classes, java.vendor=Oracle Corporation, org.gradle.test.worker=1, file.separator=/, java.vendor.url.bug=http://bugreport.sun.com/bugreport/, sun.io.unicode.encoding=UnicodeBig, sun.cpu.endian=little, socksNonProxyHosts=local|*.local|169.254/16|*.169.254/16|lx.astxsvc.com|*.lx.astxsvc.com, ftp.nonProxyHosts=local|*.local|169.254/16|*.169.254/16|lx.astxsvc.com|*.lx.astxsvc.com, sun.cpu.isalist=}}, SystemEnvironmentPropertySource@670765865 {name='systemEnvironment', properties={PATH=/usr/local/bin:/usr/bin:/bin:/usr/sbin:/sbin:/Applications/Wireshark.app/Contents/MacOS, JAVA_ARCH=x86_64, JAVA_MAIN_CLASS_8432=worker.org.gradle.process.internal.worker.GradleWorkerMain, TERM=xterm-256color, LANG=ko_KR.UTF-8, ITERM_SESSION_ID=w0t0p0:434A476B-BF5F-4325-ADCC-AEB173D7EA82, COLORTERM=truecolor, LOGNAME=dev_koo, XPC_SERVICE_NAME=0, PWD=/Users/dev_koo/fish_stagram, TERM_PROGRAM_VERSION=3.2.4, APP_NAME_8407=Gradle, SHELL=/bin/bash, APP_ICON_8407=/Users/dev_koo/fish_stagram/media/gradle.icns, TERM_PROGRAM=iTerm.app, SQLITE_EXEMPT_PATH_FROM_VNODE_GUARDS=/Users/dev_koo/Library/WebKit/Databases, OLDPWD=/Users/dev_koo/fish_stagram, USER=dev_koo, ITERM_PROFILE=Default, TMPDIR=/var/folders/54/dj0yq9q95s5351g35zl64f4r0000gn/T/, SSH_AUTH_SOCK=/private/tmp/com.apple.launchd.VbEzD2TDqV/Listeners, XPC_FLAGS=0x0, TERM_SESSION_ID=w0t0p0:434A476B-BF5F-4325-ADCC-AEB173D7EA82, __CF_USER_TEXT_ENCODING=0x1F5:0x3:0x33, Apple_PubSub_Socket_Render=/private/tmp/com.apple.launchd.uw0QOeC3TF/Render, com.apple.java.jvmTask=CommandLine, COLORFGBG=7;0, HOME=/Users/dev_koo, SHLVL=2, JAVA_MAIN_CLASS_8407=org.gradle.wrapper.GradleWrapperMain}}]
13:21:14.537 [Test worker] DEBUG org.springframework.test.context.support.TestPropertySourceUtils - Adding inlined properties to environment: {spring.jmx.enabled=false, org.springframework.boot.test.context.SpringBootTestContextBootstrapper=true, server.port=0}
13:21:14.537 [Test worker] DEBUG org.springframework.core.env.StandardEnvironment - Adding PropertySource 'Inlined Test Properties' with highest search precedence

  .   ____          _            __ _ _
 /\\ / ___'_ __ _ _(_)_ __  __ _ \ \ \ \
( ( )\___ | '_ | '_| | '_ \/ _` | \ \ \ \
 \\/  ___)| |_)| | | | | || (_| |  ) ) ) )
  '  |____| .__|_| |_|_| |_\__, | / / / /
 =========|_|==============|___/=/_/_/_/
 :: Spring Boot ::       (v1.5.10.RELEASE)

2018-12-04 13:21:15.063  INFO 8432 --- [    Test worker] c.d.webservice.web.WebControllerTest     : Starting WebControllerTest on gubon-ig-ui-MacBook-Pro.local with PID 8432 (started by dev_koo in /Users/dev_koo/fish_stagram)
2018-12-04 13:21:15.064  INFO 8432 --- [    Test worker] c.d.webservice.web.WebControllerTest     : The following profiles are active: local
2018-12-04 13:21:15.086  INFO 8432 --- [    Test worker] ationConfigEmbeddedWebApplicationContext : Refreshing org.springframework.boot.context.embedded.AnnotationConfigEmbeddedWebApplicationContext@3027dbf: startup date [Tue Dec 04 13:21:15 KST 2018]; root of context hierarchy
2018-12-04 13:21:16.370  INFO 8432 --- [    Test worker] trationDelegate$BeanPostProcessorChecker : Bean 'org.springframework.transaction.annotation.ProxyTransactionManagementConfiguration' of type [org.springframework.transaction.annotation.ProxyTransactionManagementConfiguration$$EnhancerBySpringCGLIB$$b30c9c7f] is not eligible for getting processed by all BeanPostProcessors (for example: not eligible for auto-proxying)
2018-12-04 13:21:16.405  INFO 8432 --- [    Test worker] trationDelegate$BeanPostProcessorChecker : Bean 'pl.allegro.tech.boot.autoconfigure.handlebars.HandlebarsHelpersAutoConfiguration' of type [pl.allegro.tech.boot.autoconfigure.handlebars.HandlebarsHelpersAutoConfiguration$$EnhancerBySpringCGLIB$$31d5bc59] is not eligible for getting processed by all BeanPostProcessors (for example: not eligible for auto-proxying)
2018-12-04 13:21:16.520  INFO 8432 --- [    Test worker] trationDelegate$BeanPostProcessorChecker : Bean 'handlebars.resolver-pl.allegro.tech.boot.autoconfigure.handlebars.HandlebarsValueResolversProperties' of type [pl.allegro.tech.boot.autoconfigure.handlebars.HandlebarsValueResolversProperties] is not eligible for getting processed by all BeanPostProcessors (for example: not eligible for auto-proxying)
2018-12-04 13:21:16.548  INFO 8432 --- [    Test worker] trationDelegate$BeanPostProcessorChecker : Bean 'handlebars-pl.allegro.tech.boot.autoconfigure.handlebars.HandlebarsProperties' of type [pl.allegro.tech.boot.autoconfigure.handlebars.HandlebarsProperties] is not eligible for getting processed by all BeanPostProcessors (for example: not eligible for auto-proxying)
2018-12-04 13:21:16.549  INFO 8432 --- [    Test worker] trationDelegate$BeanPostProcessorChecker : Bean 'pl.allegro.tech.boot.autoconfigure.handlebars.HandlebarsAutoConfiguration$HandlebarsViewResolverConfiguration' of type [pl.allegro.tech.boot.autoconfigure.handlebars.HandlebarsAutoConfiguration$HandlebarsViewResolverConfiguration$$EnhancerBySpringCGLIB$$44bce6f7] is not eligible for getting processed by all BeanPostProcessors (for example: not eligible for auto-proxying)
2018-12-04 13:21:16.640  INFO 8432 --- [    Test worker] trationDelegate$BeanPostProcessorChecker : Bean 'handlebarsViewResolver' of type [com.github.jknack.handlebars.springmvc.HandlebarsViewResolver] is not eligible for getting processed by all BeanPostProcessors (for example: not eligible for auto-proxying)
2018-12-04 13:21:16.919  INFO 8432 --- [    Test worker] s.b.c.e.t.TomcatEmbeddedServletContainer : Tomcat initialized with port(s): 0 (http)
2018-12-04 13:21:16.933  INFO 8432 --- [    Test worker] o.apache.catalina.core.StandardService   : Starting service [Tomcat]
2018-12-04 13:21:16.934  INFO 8432 --- [    Test worker] org.apache.catalina.core.StandardEngine  : Starting Servlet Engine: Apache Tomcat/8.5.27
2018-12-04 13:21:17.057  INFO 8432 --- [ost-startStop-1] o.a.c.c.C.[Tomcat].[localhost].[/]       : Initializing Spring embedded WebApplicationContext
2018-12-04 13:21:17.057  INFO 8432 --- [ost-startStop-1] o.s.web.context.ContextLoader            : Root WebApplicationContext: initialization completed in 1974 ms
2018-12-04 13:21:17.286  INFO 8432 --- [ost-startStop-1] o.s.b.w.servlet.ServletRegistrationBean  : Mapping servlet: 'dispatcherServlet' to [/]
2018-12-04 13:21:17.289  INFO 8432 --- [ost-startStop-1] o.s.b.w.servlet.FilterRegistrationBean   : Mapping filter: 'metricsFilter' to: [/*]
2018-12-04 13:21:17.290  INFO 8432 --- [ost-startStop-1] o.s.b.w.servlet.FilterRegistrationBean   : Mapping filter: 'characterEncodingFilter' to: [/*]
2018-12-04 13:21:17.290  INFO 8432 --- [ost-startStop-1] o.s.b.w.servlet.FilterRegistrationBean   : Mapping filter: 'hiddenHttpMethodFilter' to: [/*]
2018-12-04 13:21:17.290  INFO 8432 --- [ost-startStop-1] o.s.b.w.servlet.FilterRegistrationBean   : Mapping filter: 'httpPutFormContentFilter' to: [/*]
2018-12-04 13:21:17.291  INFO 8432 --- [ost-startStop-1] o.s.b.w.servlet.FilterRegistrationBean   : Mapping filter: 'requestContextFilter' to: [/*]
2018-12-04 13:21:17.291  INFO 8432 --- [ost-startStop-1] o.s.b.w.servlet.FilterRegistrationBean   : Mapping filter: 'webRequestLoggingFilter' to: [/*]
2018-12-04 13:21:17.291  INFO 8432 --- [ost-startStop-1] o.s.b.w.servlet.FilterRegistrationBean   : Mapping filter: 'applicationContextIdFilter' to: [/*]
2018-12-04 13:21:17.800  INFO 8432 --- [    Test worker] j.LocalContainerEntityManagerFactoryBean : Building JPA container EntityManagerFactory for persistence unit 'default'
2018-12-04 13:21:17.818  INFO 8432 --- [    Test worker] o.hibernate.jpa.internal.util.LogHelper  : HHH000204: Processing PersistenceUnitInfo [
	name: default
	...]
2018-12-04 13:21:17.895  INFO 8432 --- [    Test worker] org.hibernate.Version                    : HHH000412: Hibernate Core {5.2.11.Final}
2018-12-04 13:21:17.896  INFO 8432 --- [    Test worker] org.hibernate.cfg.Environment            : HHH000206: hibernate.properties not found
2018-12-04 13:21:17.941  INFO 8432 --- [    Test worker] o.hibernate.annotations.common.Version   : HCANN000001: Hibernate Commons Annotations {5.0.1.Final}
2018-12-04 13:21:18.064  INFO 8432 --- [    Test worker] org.hibernate.dialect.Dialect            : HHH000400: Using dialect: org.hibernate.dialect.MySQL5InnoDBDialect
Hibernate: drop table if exists account
Hibernate: drop table if exists posts
Hibernate: create table account (usernum bigint not null auto_increment, created_date datetime, modified_date datetime, userid TEXT not null, userpassword varchar(255), primary key (usernum)) engine=InnoDB
Hibernate: create table posts (id bigint not null auto_increment, created_date datetime, modified_date datetime, author varchar(255), content TEXT not null, title varchar(1000) not null, primary key (id)) engine=InnoDB
2018-12-04 13:21:18.609  INFO 8432 --- [    Test worker] o.h.t.schema.internal.SchemaCreatorImpl  : HHH000476: Executing import script 'org.hibernate.tool.schema.internal.exec.ScriptSourceInputNonExistentImpl@598053de'
2018-12-04 13:21:18.612  INFO 8432 --- [    Test worker] j.LocalContainerEntityManagerFactoryBean : Initialized JPA EntityManagerFactory for persistence unit 'default'
2018-12-04 13:21:19.036  INFO 8432 --- [    Test worker] o.h.h.i.QueryTranslatorFactoryInitiator  : HHH000397: Using ASTQueryTranslatorFactory
2018-12-04 13:21:19.482  INFO 8432 --- [    Test worker] s.w.s.m.m.a.RequestMappingHandlerAdapter : Looking for @ControllerAdvice: org.springframework.boot.context.embedded.AnnotationConfigEmbeddedWebApplicationContext@3027dbf: startup date [Tue Dec 04 13:21:15 KST 2018]; root of context hierarchy
2018-12-04 13:21:19.550  INFO 8432 --- [    Test worker] s.w.s.m.m.a.RequestMappingHandlerMapping : Mapped "{[/],methods=[GET || POST]}" onto public java.lang.String com.devkoo.webservice.web.WebController.main(org.springframework.ui.Model)
2018-12-04 13:21:19.551  INFO 8432 --- [    Test worker] s.w.s.m.m.a.RequestMappingHandlerMapping : Mapped "{[/test],methods=[GET || POST]}" onto public java.lang.String com.devkoo.webservice.web.WebController.test(org.springframework.ui.Model)
2018-12-04 13:21:19.551  INFO 8432 --- [    Test worker] s.w.s.m.m.a.RequestMappingHandlerMapping : Mapped "{[/login],methods=[GET || POST]}" onto public java.lang.String com.devkoo.webservice.web.WebController.login(org.springframework.ui.Model)
2018-12-04 13:21:19.551  INFO 8432 --- [    Test worker] s.w.s.m.m.a.RequestMappingHandlerMapping : Mapped "{[/signup],methods=[GET || POST]}" onto public java.lang.String com.devkoo.webservice.web.WebController.signup(org.springframework.ui.Model)
2018-12-04 13:21:19.555  INFO 8432 --- [    Test worker] s.w.s.m.m.a.RequestMappingHandlerMapping : Mapped "{[/welcome],methods=[GET]}" onto public java.lang.String com.devkoo.webservice.web.WebRestController.welcome()
2018-12-04 13:21:19.556  INFO 8432 --- [    Test worker] s.w.s.m.m.a.RequestMappingHandlerMapping : Mapped "{[/posts],methods=[POST]}" onto public java.lang.Long com.devkoo.webservice.web.WebRestController.savePosts(com.devkoo.webservice.dto.posts.PostsSaveRequestDto)
2018-12-04 13:21:19.556  INFO 8432 --- [    Test worker] s.w.s.m.m.a.RequestMappingHandlerMapping : Mapped "{[/account],methods=[POST]}" onto public java.lang.Long com.devkoo.webservice.web.WebRestController.saveAccount(com.devkoo.webservice.dto.account.AccountSaveRequestDto)
2018-12-04 13:21:19.556  INFO 8432 --- [    Test worker] s.w.s.m.m.a.RequestMappingHandlerMapping : Mapped "{[/profile],methods=[GET]}" onto public java.lang.String com.devkoo.webservice.web.WebRestController.getProfile()
2018-12-04 13:21:19.558  INFO 8432 --- [    Test worker] s.w.s.m.m.a.RequestMappingHandlerMapping : Mapped "{[/error]}" onto public org.springframework.http.ResponseEntity<java.util.Map<java.lang.String, java.lang.Object>> org.springframework.boot.autoconfigure.web.BasicErrorController.error(javax.servlet.http.HttpServletRequest)
2018-12-04 13:21:19.558  INFO 8432 --- [    Test worker] s.w.s.m.m.a.RequestMappingHandlerMapping : Mapped "{[/error],produces=[text/html]}" onto public org.springframework.web.servlet.ModelAndView org.springframework.boot.autoconfigure.web.BasicErrorController.errorHtml(javax.servlet.http.HttpServletRequest,javax.servlet.http.HttpServletResponse)
2018-12-04 13:21:19.585  INFO 8432 --- [    Test worker] o.s.w.s.handler.SimpleUrlHandlerMapping  : Mapped URL path [/webjars/**] onto handler of type [class org.springframework.web.servlet.resource.ResourceHttpRequestHandler]
2018-12-04 13:21:19.585  INFO 8432 --- [    Test worker] o.s.w.s.handler.SimpleUrlHandlerMapping  : Mapped URL path [/**] onto handler of type [class org.springframework.web.servlet.resource.ResourceHttpRequestHandler]
2018-12-04 13:21:19.621  INFO 8432 --- [    Test worker] o.s.w.s.handler.SimpleUrlHandlerMapping  : Mapped URL path [/**/favicon.ico] onto handler of type [class org.springframework.web.servlet.resource.ResourceHttpRequestHandler]
2018-12-04 13:21:19.871  INFO 8432 --- [    Test worker] o.s.b.a.e.mvc.EndpointHandlerMapping     : Mapped "{[/loggers/{name:.*}],methods=[GET],produces=[application/vnd.spring-boot.actuator.v1+json || application/json]}" onto public java.lang.Object org.springframework.boot.actuate.endpoint.mvc.LoggersMvcEndpoint.get(java.lang.String)
2018-12-04 13:21:19.871  INFO 8432 --- [    Test worker] o.s.b.a.e.mvc.EndpointHandlerMapping     : Mapped "{[/loggers/{name:.*}],methods=[POST],consumes=[application/vnd.spring-boot.actuator.v1+json || application/json],produces=[application/vnd.spring-boot.actuator.v1+json || application/json]}" onto public java.lang.Object org.springframework.boot.actuate.endpoint.mvc.LoggersMvcEndpoint.set(java.lang.String,java.util.Map<java.lang.String, java.lang.String>)
2018-12-04 13:21:19.871  INFO 8432 --- [    Test worker] o.s.b.a.e.mvc.EndpointHandlerMapping     : Mapped "{[/loggers || /loggers.json],methods=[GET],produces=[application/vnd.spring-boot.actuator.v1+json || application/json]}" onto public java.lang.Object org.springframework.boot.actuate.endpoint.mvc.EndpointMvcAdapter.invoke()
2018-12-04 13:21:19.872  INFO 8432 --- [    Test worker] o.s.b.a.e.mvc.EndpointHandlerMapping     : Mapped "{[/trace || /trace.json],methods=[GET],produces=[application/vnd.spring-boot.actuator.v1+json || application/json]}" onto public java.lang.Object org.springframework.boot.actuate.endpoint.mvc.EndpointMvcAdapter.invoke()
2018-12-04 13:21:19.875  INFO 8432 --- [    Test worker] o.s.b.a.e.mvc.EndpointHandlerMapping     : Mapped "{[/metrics/{name:.*}],methods=[GET],produces=[application/vnd.spring-boot.actuator.v1+json || application/json]}" onto public java.lang.Object org.springframework.boot.actuate.endpoint.mvc.MetricsMvcEndpoint.value(java.lang.String)
2018-12-04 13:21:19.876  INFO 8432 --- [    Test worker] o.s.b.a.e.mvc.EndpointHandlerMapping     : Mapped "{[/metrics || /metrics.json],methods=[GET],produces=[application/vnd.spring-boot.actuator.v1+json || application/json]}" onto public java.lang.Object org.springframework.boot.actuate.endpoint.mvc.EndpointMvcAdapter.invoke()
2018-12-04 13:21:19.877  INFO 8432 --- [    Test worker] o.s.b.a.e.mvc.EndpointHandlerMapping     : Mapped "{[/beans || /beans.json],methods=[GET],produces=[application/vnd.spring-boot.actuator.v1+json || application/json]}" onto public java.lang.Object org.springframework.boot.actuate.endpoint.mvc.EndpointMvcAdapter.invoke()
2018-12-04 13:21:19.878  INFO 8432 --- [    Test worker] o.s.b.a.e.mvc.EndpointHandlerMapping     : Mapped "{[/dump || /dump.json],methods=[GET],produces=[application/vnd.spring-boot.actuator.v1+json || application/json]}" onto public java.lang.Object org.springframework.boot.actuate.endpoint.mvc.EndpointMvcAdapter.invoke()
2018-12-04 13:21:19.879  INFO 8432 --- [    Test worker] o.s.b.a.e.mvc.EndpointHandlerMapping     : Mapped "{[/auditevents || /auditevents.json],methods=[GET],produces=[application/vnd.spring-boot.actuator.v1+json || application/json]}" onto public org.springframework.http.ResponseEntity<?> org.springframework.boot.actuate.endpoint.mvc.AuditEventsMvcEndpoint.findByPrincipalAndAfterAndType(java.lang.String,java.util.Date,java.lang.String)
2018-12-04 13:21:19.880  INFO 8432 --- [    Test worker] o.s.b.a.e.mvc.EndpointHandlerMapping     : Mapped "{[/info || /info.json],methods=[GET],produces=[application/vnd.spring-boot.actuator.v1+json || application/json]}" onto public java.lang.Object org.springframework.boot.actuate.endpoint.mvc.EndpointMvcAdapter.invoke()
2018-12-04 13:21:19.881  INFO 8432 --- [    Test worker] o.s.b.a.e.mvc.EndpointHandlerMapping     : Mapped "{[/autoconfig || /autoconfig.json],methods=[GET],produces=[application/vnd.spring-boot.actuator.v1+json || application/json]}" onto public java.lang.Object org.springframework.boot.actuate.endpoint.mvc.EndpointMvcAdapter.invoke()
2018-12-04 13:21:19.882  INFO 8432 --- [    Test worker] o.s.b.a.e.mvc.EndpointHandlerMapping     : Mapped "{[/env/{name:.*}],methods=[GET],produces=[application/vnd.spring-boot.actuator.v1+json || application/json]}" onto public java.lang.Object org.springframework.boot.actuate.endpoint.mvc.EnvironmentMvcEndpoint.value(java.lang.String)
2018-12-04 13:21:19.883  INFO 8432 --- [    Test worker] o.s.b.a.e.mvc.EndpointHandlerMapping     : Mapped "{[/env || /env.json],methods=[GET],produces=[application/vnd.spring-boot.actuator.v1+json || application/json]}" onto public java.lang.Object org.springframework.boot.actuate.endpoint.mvc.EndpointMvcAdapter.invoke()
2018-12-04 13:21:19.884  INFO 8432 --- [    Test worker] o.s.b.a.e.mvc.EndpointHandlerMapping     : Mapped "{[/configprops || /configprops.json],methods=[GET],produces=[application/vnd.spring-boot.actuator.v1+json || application/json]}" onto public java.lang.Object org.springframework.boot.actuate.endpoint.mvc.EndpointMvcAdapter.invoke()
2018-12-04 13:21:19.885  INFO 8432 --- [    Test worker] o.s.b.a.e.mvc.EndpointHandlerMapping     : Mapped "{[/heapdump || /heapdump.json],methods=[GET],produces=[application/octet-stream]}" onto public void org.springframework.boot.actuate.endpoint.mvc.HeapdumpMvcEndpoint.invoke(boolean,javax.servlet.http.HttpServletRequest,javax.servlet.http.HttpServletResponse) throws java.io.IOException,javax.servlet.ServletException
2018-12-04 13:21:19.885  INFO 8432 --- [    Test worker] o.s.b.a.e.mvc.EndpointHandlerMapping     : Mapped "{[/mappings || /mappings.json],methods=[GET],produces=[application/vnd.spring-boot.actuator.v1+json || application/json]}" onto public java.lang.Object org.springframework.boot.actuate.endpoint.mvc.EndpointMvcAdapter.invoke()
2018-12-04 13:21:19.886  INFO 8432 --- [    Test worker] o.s.b.a.e.mvc.EndpointHandlerMapping     : Mapped "{[/health || /health.json],methods=[GET],produces=[application/vnd.spring-boot.actuator.v1+json || application/json]}" onto public java.lang.Object org.springframework.boot.actuate.endpoint.mvc.HealthMvcEndpoint.invoke(javax.servlet.http.HttpServletRequest,java.security.Principal)
2018-12-04 13:21:20.172  INFO 8432 --- [    Test worker] s.b.c.e.t.TomcatEmbeddedServletContainer : Tomcat started on port(s): 51993 (http)
2018-12-04 13:21:20.178  INFO 8432 --- [    Test worker] c.d.webservice.web.WebControllerTest     : Started WebControllerTest in 5.637 seconds (JVM running for 6.559)
2018-12-04 13:21:20.311  INFO 8432 --- [o-auto-1-exec-1] o.a.c.c.C.[Tomcat].[localhost].[/]       : Initializing Spring FrameworkServlet 'dispatcherServlet'
2018-12-04 13:21:20.312  INFO 8432 --- [o-auto-1-exec-1] o.s.web.servlet.DispatcherServlet        : FrameworkServlet 'dispatcherServlet': initialization started
2018-12-04 13:21:20.335  INFO 8432 --- [o-auto-1-exec-1] o.s.web.servlet.DispatcherServlet        : FrameworkServlet 'dispatcherServlet': initialization completed in 23 ms
]]></system-out>
  <system-err><![CDATA[]]></system-err>
</testsuite>
