<?xml version="1.0" encoding="UTF-8"?>
<testsuite name="com.devkoo.webservice.service.PostServiceTest" tests="1" skipped="0" failures="0" errors="0" timestamp="2018-11-25T12:32:57" hostname="gubon-ig-ui-MacBook-Pro.local" time="0.021">
  <properties/>
  <testcase name="Dto데이터가_posts테이블에_저장된다" classname="com.devkoo.webservice.service.PostServiceTest" time="0.021"/>
  <system-out><![CDATA[2018-11-25 21:32:57.896  INFO 21549 --- [    Test worker] .b.t.c.SpringBootTestContextBootstrapper : Neither @ContextConfiguration nor @ContextHierarchy found for test class [com.devkoo.webservice.service.PostServiceTest], using SpringBootContextLoader
2018-11-25 21:32:57.897  INFO 21549 --- [    Test worker] o.s.t.c.support.AbstractContextLoader    : Could not detect default resource locations for test class [com.devkoo.webservice.service.PostServiceTest]: no resource found for suffixes {-context.xml, Context.groovy}.
2018-11-25 21:32:57.897  INFO 21549 --- [    Test worker] t.c.s.AnnotationConfigContextLoaderUtils : Could not detect default configuration classes for test class [com.devkoo.webservice.service.PostServiceTest]: PostServiceTest does not declare any static, non-private, non-final, nested classes annotated with @Configuration.
2018-11-25 21:32:57.902  INFO 21549 --- [    Test worker] .b.t.c.SpringBootTestContextBootstrapper : Found @SpringBootConfiguration com.devkoo.webservice.Application for test class com.devkoo.webservice.service.PostServiceTest
2018-11-25 21:32:57.904  INFO 21549 --- [    Test worker] .b.t.c.SpringBootTestContextBootstrapper : Loaded default TestExecutionListener class names from location [META-INF/spring.factories]: [org.springframework.boot.test.autoconfigure.restdocs.RestDocsTestExecutionListener, org.springframework.boot.test.autoconfigure.web.client.MockRestServiceServerResetTestExecutionListener, org.springframework.boot.test.autoconfigure.web.servlet.MockMvcPrintOnlyOnFailureTestExecutionListener, org.springframework.boot.test.autoconfigure.web.servlet.WebDriverTestExecutionListener, org.springframework.boot.test.mock.mockito.MockitoTestExecutionListener, org.springframework.boot.test.mock.mockito.ResetMocksTestExecutionListener, org.springframework.test.context.web.ServletTestExecutionListener, org.springframework.test.context.support.DirtiesContextBeforeModesTestExecutionListener, org.springframework.test.context.support.DependencyInjectionTestExecutionListener, org.springframework.test.context.support.DirtiesContextTestExecutionListener, org.springframework.test.context.transaction.TransactionalTestExecutionListener, org.springframework.test.context.jdbc.SqlScriptsTestExecutionListener]
2018-11-25 21:32:57.906  INFO 21549 --- [    Test worker] .b.t.c.SpringBootTestContextBootstrapper : Using TestExecutionListeners: [org.springframework.test.context.web.ServletTestExecutionListener@2be4b4c1, org.springframework.test.context.support.DirtiesContextBeforeModesTestExecutionListener@455432f5, org.springframework.boot.test.autoconfigure.SpringBootDependencyInjectionTestExecutionListener@35ff5c46, org.springframework.test.context.support.DirtiesContextTestExecutionListener@4c1a5d37, org.springframework.test.context.transaction.TransactionalTestExecutionListener@4256aac9, org.springframework.test.context.jdbc.SqlScriptsTestExecutionListener@2671fbec, org.springframework.boot.test.autoconfigure.restdocs.RestDocsTestExecutionListener@69239e08, org.springframework.boot.test.autoconfigure.web.client.MockRestServiceServerResetTestExecutionListener@774e95fe, org.springframework.boot.test.autoconfigure.web.servlet.MockMvcPrintOnlyOnFailureTestExecutionListener@b9793c, org.springframework.boot.test.autoconfigure.web.servlet.WebDriverTestExecutionListener@293e5c5c, org.springframework.boot.test.mock.mockito.MockitoTestExecutionListener@5c1844ad, org.springframework.boot.test.mock.mockito.ResetMocksTestExecutionListener@5ffacbb5]
Hibernate: insert into posts (created_date, modified_date, author, content, title) values (?, ?, ?, ?, ?)
Hibernate: select posts0_.id as id1_1_, posts0_.created_date as created_2_1_, posts0_.modified_date as modified3_1_, posts0_.author as author4_1_, posts0_.content as content5_1_, posts0_.title as title6_1_ from posts posts0_
Hibernate: select posts0_.id as id1_1_, posts0_.created_date as created_2_1_, posts0_.modified_date as modified3_1_, posts0_.author as author4_1_, posts0_.content as content5_1_, posts0_.title as title6_1_ from posts posts0_
Hibernate: delete from posts where id=?
]]></system-out>
  <system-err><![CDATA[]]></system-err>
</testsuite>
