<?xml version="1.0" encoding="UTF-8"?>
<testsuite name="com.devkoo.webservice.service.PostServiceTest" tests="1" skipped="0" failures="0" errors="0" timestamp="2018-12-04T04:21:22" hostname="gubon-ig-ui-MacBook-Pro.local" time="0.025">
  <properties/>
  <testcase name="Dto데이터가_posts테이블에_저장된다" classname="com.devkoo.webservice.service.PostServiceTest" time="0.025"/>
  <system-out><![CDATA[2018-12-04 13:21:22.586  INFO 8432 --- [    Test worker] .b.t.c.SpringBootTestContextBootstrapper : Neither @ContextConfiguration nor @ContextHierarchy found for test class [com.devkoo.webservice.service.PostServiceTest], using SpringBootContextLoader
2018-12-04 13:21:22.587  INFO 8432 --- [    Test worker] o.s.t.c.support.AbstractContextLoader    : Could not detect default resource locations for test class [com.devkoo.webservice.service.PostServiceTest]: no resource found for suffixes {-context.xml, Context.groovy}.
2018-12-04 13:21:22.587  INFO 8432 --- [    Test worker] t.c.s.AnnotationConfigContextLoaderUtils : Could not detect default configuration classes for test class [com.devkoo.webservice.service.PostServiceTest]: PostServiceTest does not declare any static, non-private, non-final, nested classes annotated with @Configuration.
2018-12-04 13:21:22.592  INFO 8432 --- [    Test worker] .b.t.c.SpringBootTestContextBootstrapper : Found @SpringBootConfiguration com.devkoo.webservice.Application for test class com.devkoo.webservice.service.PostServiceTest
2018-12-04 13:21:22.594  INFO 8432 --- [    Test worker] .b.t.c.SpringBootTestContextBootstrapper : Loaded default TestExecutionListener class names from location [META-INF/spring.factories]: [org.springframework.boot.test.autoconfigure.restdocs.RestDocsTestExecutionListener, org.springframework.boot.test.autoconfigure.web.client.MockRestServiceServerResetTestExecutionListener, org.springframework.boot.test.autoconfigure.web.servlet.MockMvcPrintOnlyOnFailureTestExecutionListener, org.springframework.boot.test.autoconfigure.web.servlet.WebDriverTestExecutionListener, org.springframework.boot.test.mock.mockito.MockitoTestExecutionListener, org.springframework.boot.test.mock.mockito.ResetMocksTestExecutionListener, org.springframework.test.context.web.ServletTestExecutionListener, org.springframework.test.context.support.DirtiesContextBeforeModesTestExecutionListener, org.springframework.test.context.support.DependencyInjectionTestExecutionListener, org.springframework.test.context.support.DirtiesContextTestExecutionListener, org.springframework.test.context.transaction.TransactionalTestExecutionListener, org.springframework.test.context.jdbc.SqlScriptsTestExecutionListener]
2018-12-04 13:21:22.597  INFO 8432 --- [    Test worker] .b.t.c.SpringBootTestContextBootstrapper : Using TestExecutionListeners: [org.springframework.test.context.web.ServletTestExecutionListener@4c1a5d37, org.springframework.test.context.support.DirtiesContextBeforeModesTestExecutionListener@4256aac9, org.springframework.boot.test.autoconfigure.SpringBootDependencyInjectionTestExecutionListener@2671fbec, org.springframework.test.context.support.DirtiesContextTestExecutionListener@69239e08, org.springframework.test.context.transaction.TransactionalTestExecutionListener@774e95fe, org.springframework.test.context.jdbc.SqlScriptsTestExecutionListener@b9793c, org.springframework.boot.test.autoconfigure.restdocs.RestDocsTestExecutionListener@293e5c5c, org.springframework.boot.test.autoconfigure.web.client.MockRestServiceServerResetTestExecutionListener@5c1844ad, org.springframework.boot.test.autoconfigure.web.servlet.MockMvcPrintOnlyOnFailureTestExecutionListener@5ffacbb5, org.springframework.boot.test.autoconfigure.web.servlet.WebDriverTestExecutionListener@14c129ef, org.springframework.boot.test.mock.mockito.MockitoTestExecutionListener@4f464b97, org.springframework.boot.test.mock.mockito.ResetMocksTestExecutionListener@51e553fe]
Hibernate: insert into posts (created_date, modified_date, author, content, title) values (?, ?, ?, ?, ?)
Hibernate: select posts0_.id as id1_1_, posts0_.created_date as created_2_1_, posts0_.modified_date as modified3_1_, posts0_.author as author4_1_, posts0_.content as content5_1_, posts0_.title as title6_1_ from posts posts0_
Hibernate: select posts0_.id as id1_1_, posts0_.created_date as created_2_1_, posts0_.modified_date as modified3_1_, posts0_.author as author4_1_, posts0_.content as content5_1_, posts0_.title as title6_1_ from posts posts0_
Hibernate: delete from posts where id=?
]]></system-out>
  <system-err><![CDATA[]]></system-err>
</testsuite>
