<?xml version="1.0" encoding="UTF-8"?>
<testsuite name="com.devkoo.webservice.web.WebRestControllerTest" tests="1" skipped="0" failures="0" errors="0" timestamp="2018-10-28T05:47:25" hostname="gubon-ig-ui-MacBook-Pro.local" time="0.219">
  <properties/>
  <testcase name="Profile확인" classname="com.devkoo.webservice.web.WebRestControllerTest" time="0.219"/>
  <system-out><![CDATA[2018-10-28 14:47:25.723  INFO 3842 --- [    Test worker] .b.t.c.SpringBootTestContextBootstrapper : Neither @ContextConfiguration nor @ContextHierarchy found for test class [com.devkoo.webservice.web.WebRestControllerTest], using SpringBootContextLoader
2018-10-28 14:47:25.725  INFO 3842 --- [    Test worker] o.s.t.c.support.AbstractContextLoader    : Could not detect default resource locations for test class [com.devkoo.webservice.web.WebRestControllerTest]: no resource found for suffixes {-context.xml, Context.groovy}.
2018-10-28 14:47:25.725  INFO 3842 --- [    Test worker] t.c.s.AnnotationConfigContextLoaderUtils : Could not detect default configuration classes for test class [com.devkoo.webservice.web.WebRestControllerTest]: WebRestControllerTest does not declare any static, non-private, non-final, nested classes annotated with @Configuration.
2018-10-28 14:47:25.729  INFO 3842 --- [    Test worker] .b.t.c.SpringBootTestContextBootstrapper : Found @SpringBootConfiguration com.devkoo.webservice.Application for test class com.devkoo.webservice.web.WebRestControllerTest
2018-10-28 14:47:25.734  INFO 3842 --- [    Test worker] .b.t.c.SpringBootTestContextBootstrapper : Loaded default TestExecutionListener class names from location [META-INF/spring.factories]: [org.springframework.boot.test.autoconfigure.restdocs.RestDocsTestExecutionListener, org.springframework.boot.test.autoconfigure.web.client.MockRestServiceServerResetTestExecutionListener, org.springframework.boot.test.autoconfigure.web.servlet.MockMvcPrintOnlyOnFailureTestExecutionListener, org.springframework.boot.test.autoconfigure.web.servlet.WebDriverTestExecutionListener, org.springframework.boot.test.mock.mockito.MockitoTestExecutionListener, org.springframework.boot.test.mock.mockito.ResetMocksTestExecutionListener, org.springframework.test.context.web.ServletTestExecutionListener, org.springframework.test.context.support.DirtiesContextBeforeModesTestExecutionListener, org.springframework.test.context.support.DependencyInjectionTestExecutionListener, org.springframework.test.context.support.DirtiesContextTestExecutionListener, org.springframework.test.context.transaction.TransactionalTestExecutionListener, org.springframework.test.context.jdbc.SqlScriptsTestExecutionListener]
2018-10-28 14:47:25.737  INFO 3842 --- [    Test worker] .b.t.c.SpringBootTestContextBootstrapper : Using TestExecutionListeners: [org.springframework.test.context.web.ServletTestExecutionListener@2c611423, org.springframework.test.context.support.DirtiesContextBeforeModesTestExecutionListener@98c13dc, org.springframework.boot.test.autoconfigure.SpringBootDependencyInjectionTestExecutionListener@156bd0fe, org.springframework.test.context.support.DirtiesContextTestExecutionListener@6cf21a9, org.springframework.test.context.transaction.TransactionalTestExecutionListener@222bed5f, org.springframework.test.context.jdbc.SqlScriptsTestExecutionListener@4b500835, org.springframework.boot.test.autoconfigure.restdocs.RestDocsTestExecutionListener@f7cd81, org.springframework.boot.test.autoconfigure.web.client.MockRestServiceServerResetTestExecutionListener@7f4a665f, org.springframework.boot.test.autoconfigure.web.servlet.MockMvcPrintOnlyOnFailureTestExecutionListener@2763dfc, org.springframework.boot.test.autoconfigure.web.servlet.WebDriverTestExecutionListener@49ac8c27, org.springframework.boot.test.mock.mockito.MockitoTestExecutionListener@7789cb56, org.springframework.boot.test.mock.mockito.ResetMocksTestExecutionListener@5bdd2366]
]]></system-out>
  <system-err><![CDATA[]]></system-err>
</testsuite>
