<?xml version="1.0" encoding="UTF-8"?>
<testsuite name="com.devkoo.webservice.account.AccountRepositoryTest" tests="2" skipped="0" failures="0" errors="0" timestamp="2018-10-28T05:47:27" hostname="gubon-ig-ui-MacBook-Pro.local" time="0.147">
  <properties/>
  <testcase name="아이디_불러오기" classname="com.devkoo.webservice.account.AccountRepositoryTest" time="0.134"/>
  <testcase name="BaseTimeEntity_등록" classname="com.devkoo.webservice.account.AccountRepositoryTest" time="0.012"/>
  <system-out><![CDATA[2018-10-28 14:47:27.115  INFO 3842 --- [    Test worker] .b.t.c.SpringBootTestContextBootstrapper : Neither @ContextConfiguration nor @ContextHierarchy found for test class [com.devkoo.webservice.account.AccountRepositoryTest], using SpringBootContextLoader
2018-10-28 14:47:27.116  INFO 3842 --- [    Test worker] o.s.t.c.support.AbstractContextLoader    : Could not detect default resource locations for test class [com.devkoo.webservice.account.AccountRepositoryTest]: no resource found for suffixes {-context.xml, Context.groovy}.
2018-10-28 14:47:27.116  INFO 3842 --- [    Test worker] t.c.s.AnnotationConfigContextLoaderUtils : Could not detect default configuration classes for test class [com.devkoo.webservice.account.AccountRepositoryTest]: AccountRepositoryTest does not declare any static, non-private, non-final, nested classes annotated with @Configuration.
2018-10-28 14:47:27.121  INFO 3842 --- [    Test worker] .b.t.c.SpringBootTestContextBootstrapper : Found @SpringBootConfiguration com.devkoo.webservice.Application for test class com.devkoo.webservice.account.AccountRepositoryTest
2018-10-28 14:47:27.123  INFO 3842 --- [    Test worker] .b.t.c.SpringBootTestContextBootstrapper : Loaded default TestExecutionListener class names from location [META-INF/spring.factories]: [org.springframework.boot.test.autoconfigure.restdocs.RestDocsTestExecutionListener, org.springframework.boot.test.autoconfigure.web.client.MockRestServiceServerResetTestExecutionListener, org.springframework.boot.test.autoconfigure.web.servlet.MockMvcPrintOnlyOnFailureTestExecutionListener, org.springframework.boot.test.autoconfigure.web.servlet.WebDriverTestExecutionListener, org.springframework.boot.test.mock.mockito.MockitoTestExecutionListener, org.springframework.boot.test.mock.mockito.ResetMocksTestExecutionListener, org.springframework.test.context.web.ServletTestExecutionListener, org.springframework.test.context.support.DirtiesContextBeforeModesTestExecutionListener, org.springframework.test.context.support.DependencyInjectionTestExecutionListener, org.springframework.test.context.support.DirtiesContextTestExecutionListener, org.springframework.test.context.transaction.TransactionalTestExecutionListener, org.springframework.test.context.jdbc.SqlScriptsTestExecutionListener]
2018-10-28 14:47:27.131  INFO 3842 --- [    Test worker] .b.t.c.SpringBootTestContextBootstrapper : Using TestExecutionListeners: [org.springframework.test.context.web.ServletTestExecutionListener@69cefe7a, org.springframework.test.context.support.DirtiesContextBeforeModesTestExecutionListener@2e3f04f3, org.springframework.boot.test.autoconfigure.SpringBootDependencyInjectionTestExecutionListener@4b71c62e, org.springframework.test.context.support.DirtiesContextTestExecutionListener@1c2ca345, org.springframework.test.context.transaction.TransactionalTestExecutionListener@20fa394, org.springframework.test.context.jdbc.SqlScriptsTestExecutionListener@54c137ba, org.springframework.boot.test.autoconfigure.restdocs.RestDocsTestExecutionListener@1144cbba, org.springframework.boot.test.autoconfigure.web.client.MockRestServiceServerResetTestExecutionListener@688b645c, org.springframework.boot.test.autoconfigure.web.servlet.MockMvcPrintOnlyOnFailureTestExecutionListener@176779da, org.springframework.boot.test.autoconfigure.web.servlet.WebDriverTestExecutionListener@4a46f06b, org.springframework.boot.test.mock.mockito.MockitoTestExecutionListener@7de8eb82, org.springframework.boot.test.mock.mockito.ResetMocksTestExecutionListener@4e72c9e7]
Hibernate: select account0_.usernum as usernum1_0_0_, account0_.created_date as created_2_0_0_, account0_.modified_date as modified3_0_0_, account0_.useremail as useremai4_0_0_, account0_.userid as userid5_0_0_, account0_.userpassword as userpass6_0_0_ from account account0_ where account0_.usernum=?
Hibernate: insert into account (created_date, modified_date, useremail, userid, userpassword) values (?, ?, ?, ?, ?)
Hibernate: select account0_.usernum as usernum1_0_, account0_.created_date as created_2_0_, account0_.modified_date as modified3_0_, account0_.useremail as useremai4_0_, account0_.userid as userid5_0_, account0_.userpassword as userpass6_0_ from account account0_
Hibernate: select account0_.usernum as usernum1_0_, account0_.created_date as created_2_0_, account0_.modified_date as modified3_0_, account0_.useremail as useremai4_0_, account0_.userid as userid5_0_, account0_.userpassword as userpass6_0_ from account account0_
Hibernate: delete from account where usernum=?
Hibernate: select account0_.usernum as usernum1_0_0_, account0_.created_date as created_2_0_0_, account0_.modified_date as modified3_0_0_, account0_.useremail as useremai4_0_0_, account0_.userid as userid5_0_0_, account0_.userpassword as userpass6_0_0_ from account account0_ where account0_.usernum=?
Hibernate: insert into account (created_date, modified_date, useremail, userid, userpassword) values (?, ?, ?, ?, ?)
Hibernate: select account0_.usernum as usernum1_0_, account0_.created_date as created_2_0_, account0_.modified_date as modified3_0_, account0_.useremail as useremai4_0_, account0_.userid as userid5_0_, account0_.userpassword as userpass6_0_ from account account0_
Hibernate: select account0_.usernum as usernum1_0_, account0_.created_date as created_2_0_, account0_.modified_date as modified3_0_, account0_.useremail as useremai4_0_, account0_.userid as userid5_0_, account0_.userpassword as userpass6_0_ from account account0_
Hibernate: delete from account where usernum=?
]]></system-out>
  <system-err><![CDATA[]]></system-err>
</testsuite>
