<?xml version="1.0" encoding="UTF-8"?>
<testsuite name="com.devkoo.webservice.service.AccountServiceTest" tests="1" skipped="0" failures="0" errors="0" timestamp="2018-10-28T05:47:27" hostname="gubon-ig-ui-MacBook-Pro.local" time="0.025">
  <properties/>
  <testcase name="Dto데이터가_account테이블에_저장된다" classname="com.devkoo.webservice.service.AccountServiceTest" time="0.025"/>
  <system-out><![CDATA[2018-10-28 14:47:27.316  INFO 3842 --- [    Test worker] .b.t.c.SpringBootTestContextBootstrapper : Neither @ContextConfiguration nor @ContextHierarchy found for test class [com.devkoo.webservice.service.AccountServiceTest], using SpringBootContextLoader
2018-10-28 14:47:27.317  INFO 3842 --- [    Test worker] o.s.t.c.support.AbstractContextLoader    : Could not detect default resource locations for test class [com.devkoo.webservice.service.AccountServiceTest]: no resource found for suffixes {-context.xml, Context.groovy}.
2018-10-28 14:47:27.317  INFO 3842 --- [    Test worker] t.c.s.AnnotationConfigContextLoaderUtils : Could not detect default configuration classes for test class [com.devkoo.webservice.service.AccountServiceTest]: AccountServiceTest does not declare any static, non-private, non-final, nested classes annotated with @Configuration.
2018-10-28 14:47:27.320  INFO 3842 --- [    Test worker] .b.t.c.SpringBootTestContextBootstrapper : Found @SpringBootConfiguration com.devkoo.webservice.Application for test class com.devkoo.webservice.service.AccountServiceTest
2018-10-28 14:47:27.323  INFO 3842 --- [    Test worker] .b.t.c.SpringBootTestContextBootstrapper : Loaded default TestExecutionListener class names from location [META-INF/spring.factories]: [org.springframework.boot.test.autoconfigure.restdocs.RestDocsTestExecutionListener, org.springframework.boot.test.autoconfigure.web.client.MockRestServiceServerResetTestExecutionListener, org.springframework.boot.test.autoconfigure.web.servlet.MockMvcPrintOnlyOnFailureTestExecutionListener, org.springframework.boot.test.autoconfigure.web.servlet.WebDriverTestExecutionListener, org.springframework.boot.test.mock.mockito.MockitoTestExecutionListener, org.springframework.boot.test.mock.mockito.ResetMocksTestExecutionListener, org.springframework.test.context.web.ServletTestExecutionListener, org.springframework.test.context.support.DirtiesContextBeforeModesTestExecutionListener, org.springframework.test.context.support.DependencyInjectionTestExecutionListener, org.springframework.test.context.support.DirtiesContextTestExecutionListener, org.springframework.test.context.transaction.TransactionalTestExecutionListener, org.springframework.test.context.jdbc.SqlScriptsTestExecutionListener]
2018-10-28 14:47:27.324  INFO 3842 --- [    Test worker] .b.t.c.SpringBootTestContextBootstrapper : Using TestExecutionListeners: [org.springframework.test.context.web.ServletTestExecutionListener@5768b4db, org.springframework.test.context.support.DirtiesContextBeforeModesTestExecutionListener@202e925a, org.springframework.boot.test.autoconfigure.SpringBootDependencyInjectionTestExecutionListener@70b0c283, org.springframework.test.context.support.DirtiesContextTestExecutionListener@6f5191d6, org.springframework.test.context.transaction.TransactionalTestExecutionListener@7d8d3e8b, org.springframework.test.context.jdbc.SqlScriptsTestExecutionListener@2965cf22, org.springframework.boot.test.autoconfigure.restdocs.RestDocsTestExecutionListener@5f37b457, org.springframework.boot.test.autoconfigure.web.client.MockRestServiceServerResetTestExecutionListener@3c0b5146, org.springframework.boot.test.autoconfigure.web.servlet.MockMvcPrintOnlyOnFailureTestExecutionListener@2866492a, org.springframework.boot.test.autoconfigure.web.servlet.WebDriverTestExecutionListener@2f7d8fdb, org.springframework.boot.test.mock.mockito.MockitoTestExecutionListener@4d8a136f, org.springframework.boot.test.mock.mockito.ResetMocksTestExecutionListener@2b6dfaf9]
Hibernate: select account0_.usernum as usernum1_0_0_, account0_.created_date as created_2_0_0_, account0_.modified_date as modified3_0_0_, account0_.useremail as useremai4_0_0_, account0_.userid as userid5_0_0_, account0_.userpassword as userpass6_0_0_ from account account0_ where account0_.usernum=?
Hibernate: insert into account (created_date, modified_date, useremail, userid, userpassword) values (?, ?, ?, ?, ?)
Hibernate: select account0_.usernum as usernum1_0_, account0_.created_date as created_2_0_, account0_.modified_date as modified3_0_, account0_.useremail as useremai4_0_, account0_.userid as userid5_0_, account0_.userpassword as userpass6_0_ from account account0_
Hibernate: select account0_.usernum as usernum1_0_, account0_.created_date as created_2_0_, account0_.modified_date as modified3_0_, account0_.useremail as useremai4_0_, account0_.userid as userid5_0_, account0_.userpassword as userpass6_0_ from account account0_
Hibernate: delete from account where usernum=?
]]></system-out>
  <system-err><![CDATA[]]></system-err>
</testsuite>
