<?xml version="1.0" encoding="UTF-8"?>
<testsuite name="com.devkoo.webservice.service.AccountServiceTest" tests="1" skipped="0" failures="0" errors="0" timestamp="2018-11-25T12:32:57" hostname="gubon-ig-ui-MacBook-Pro.local" time="0.019">
  <properties/>
  <testcase name="Dto데이터가_account테이블에_저장된다" classname="com.devkoo.webservice.service.AccountServiceTest" time="0.019"/>
  <system-out><![CDATA[2018-11-25 21:32:57.931  INFO 21549 --- [    Test worker] .b.t.c.SpringBootTestContextBootstrapper : Neither @ContextConfiguration nor @ContextHierarchy found for test class [com.devkoo.webservice.service.AccountServiceTest], using SpringBootContextLoader
2018-11-25 21:32:57.932  INFO 21549 --- [    Test worker] o.s.t.c.support.AbstractContextLoader    : Could not detect default resource locations for test class [com.devkoo.webservice.service.AccountServiceTest]: no resource found for suffixes {-context.xml, Context.groovy}.
2018-11-25 21:32:57.934  INFO 21549 --- [    Test worker] t.c.s.AnnotationConfigContextLoaderUtils : Could not detect default configuration classes for test class [com.devkoo.webservice.service.AccountServiceTest]: AccountServiceTest does not declare any static, non-private, non-final, nested classes annotated with @Configuration.
2018-11-25 21:32:57.936  INFO 21549 --- [    Test worker] .b.t.c.SpringBootTestContextBootstrapper : Found @SpringBootConfiguration com.devkoo.webservice.Application for test class com.devkoo.webservice.service.AccountServiceTest
2018-11-25 21:32:57.938  INFO 21549 --- [    Test worker] .b.t.c.SpringBootTestContextBootstrapper : Loaded default TestExecutionListener class names from location [META-INF/spring.factories]: [org.springframework.boot.test.autoconfigure.restdocs.RestDocsTestExecutionListener, org.springframework.boot.test.autoconfigure.web.client.MockRestServiceServerResetTestExecutionListener, org.springframework.boot.test.autoconfigure.web.servlet.MockMvcPrintOnlyOnFailureTestExecutionListener, org.springframework.boot.test.autoconfigure.web.servlet.WebDriverTestExecutionListener, org.springframework.boot.test.mock.mockito.MockitoTestExecutionListener, org.springframework.boot.test.mock.mockito.ResetMocksTestExecutionListener, org.springframework.test.context.web.ServletTestExecutionListener, org.springframework.test.context.support.DirtiesContextBeforeModesTestExecutionListener, org.springframework.test.context.support.DependencyInjectionTestExecutionListener, org.springframework.test.context.support.DirtiesContextTestExecutionListener, org.springframework.test.context.transaction.TransactionalTestExecutionListener, org.springframework.test.context.jdbc.SqlScriptsTestExecutionListener]
2018-11-25 21:32:57.940  INFO 21549 --- [    Test worker] .b.t.c.SpringBootTestContextBootstrapper : Using TestExecutionListeners: [org.springframework.test.context.web.ServletTestExecutionListener@3298cb64, org.springframework.test.context.support.DirtiesContextBeforeModesTestExecutionListener@61ee8202, org.springframework.boot.test.autoconfigure.SpringBootDependencyInjectionTestExecutionListener@5e069e2d, org.springframework.test.context.support.DirtiesContextTestExecutionListener@9641d83, org.springframework.test.context.transaction.TransactionalTestExecutionListener@7dd32420, org.springframework.test.context.jdbc.SqlScriptsTestExecutionListener@68b8570a, org.springframework.boot.test.autoconfigure.restdocs.RestDocsTestExecutionListener@2255bc6, org.springframework.boot.test.autoconfigure.web.client.MockRestServiceServerResetTestExecutionListener@2b04d604, org.springframework.boot.test.autoconfigure.web.servlet.MockMvcPrintOnlyOnFailureTestExecutionListener@4f921560, org.springframework.boot.test.autoconfigure.web.servlet.WebDriverTestExecutionListener@65380b9f, org.springframework.boot.test.mock.mockito.MockitoTestExecutionListener@4deb9795, org.springframework.boot.test.mock.mockito.ResetMocksTestExecutionListener@40d2dcda]
Hibernate: select account0_.usernum as usernum1_0_0_, account0_.created_date as created_2_0_0_, account0_.modified_date as modified3_0_0_, account0_.userid as userid4_0_0_, account0_.userpassword as userpass5_0_0_ from account account0_ where account0_.usernum=?
Hibernate: insert into account (created_date, modified_date, userid, userpassword) values (?, ?, ?, ?)
Hibernate: select account0_.usernum as usernum1_0_, account0_.created_date as created_2_0_, account0_.modified_date as modified3_0_, account0_.userid as userid4_0_, account0_.userpassword as userpass5_0_ from account account0_
Hibernate: select account0_.usernum as usernum1_0_, account0_.created_date as created_2_0_, account0_.modified_date as modified3_0_, account0_.userid as userid4_0_, account0_.userpassword as userpass5_0_ from account account0_
Hibernate: delete from account where usernum=?
]]></system-out>
  <system-err><![CDATA[]]></system-err>
</testsuite>
