<?xml version="1.0" encoding="UTF-8"?>
<testsuite name="com.devkoo.webservice.account.AccountRepositoryTest" tests="2" skipped="0" failures="0" errors="0" timestamp="2018-12-04T04:21:22" hostname="gubon-ig-ui-MacBook-Pro.local" time="0.154">
  <properties/>
  <testcase name="아이디_불러오기" classname="com.devkoo.webservice.account.AccountRepositoryTest" time="0.142"/>
  <testcase name="BaseTimeEntity_등록" classname="com.devkoo.webservice.account.AccountRepositoryTest" time="0.011"/>
  <system-out><![CDATA[2018-12-04 13:21:22.419  INFO 8432 --- [    Test worker] .b.t.c.SpringBootTestContextBootstrapper : Neither @ContextConfiguration nor @ContextHierarchy found for test class [com.devkoo.webservice.account.AccountRepositoryTest], using SpringBootContextLoader
2018-12-04 13:21:22.420  INFO 8432 --- [    Test worker] o.s.t.c.support.AbstractContextLoader    : Could not detect default resource locations for test class [com.devkoo.webservice.account.AccountRepositoryTest]: no resource found for suffixes {-context.xml, Context.groovy}.
2018-12-04 13:21:22.420  INFO 8432 --- [    Test worker] t.c.s.AnnotationConfigContextLoaderUtils : Could not detect default configuration classes for test class [com.devkoo.webservice.account.AccountRepositoryTest]: AccountRepositoryTest does not declare any static, non-private, non-final, nested classes annotated with @Configuration.
2018-12-04 13:21:22.425  INFO 8432 --- [    Test worker] .b.t.c.SpringBootTestContextBootstrapper : Found @SpringBootConfiguration com.devkoo.webservice.Application for test class com.devkoo.webservice.account.AccountRepositoryTest
2018-12-04 13:21:22.427  INFO 8432 --- [    Test worker] .b.t.c.SpringBootTestContextBootstrapper : Loaded default TestExecutionListener class names from location [META-INF/spring.factories]: [org.springframework.boot.test.autoconfigure.restdocs.RestDocsTestExecutionListener, org.springframework.boot.test.autoconfigure.web.client.MockRestServiceServerResetTestExecutionListener, org.springframework.boot.test.autoconfigure.web.servlet.MockMvcPrintOnlyOnFailureTestExecutionListener, org.springframework.boot.test.autoconfigure.web.servlet.WebDriverTestExecutionListener, org.springframework.boot.test.mock.mockito.MockitoTestExecutionListener, org.springframework.boot.test.mock.mockito.ResetMocksTestExecutionListener, org.springframework.test.context.web.ServletTestExecutionListener, org.springframework.test.context.support.DirtiesContextBeforeModesTestExecutionListener, org.springframework.test.context.support.DependencyInjectionTestExecutionListener, org.springframework.test.context.support.DirtiesContextTestExecutionListener, org.springframework.test.context.transaction.TransactionalTestExecutionListener, org.springframework.test.context.jdbc.SqlScriptsTestExecutionListener]
2018-12-04 13:21:22.428  INFO 8432 --- [    Test worker] .b.t.c.SpringBootTestContextBootstrapper : Using TestExecutionListeners: [org.springframework.test.context.web.ServletTestExecutionListener@3ace379b, org.springframework.test.context.support.DirtiesContextBeforeModesTestExecutionListener@75eeb314, org.springframework.boot.test.autoconfigure.SpringBootDependencyInjectionTestExecutionListener@2551b1eb, org.springframework.test.context.support.DirtiesContextTestExecutionListener@40d6948b, org.springframework.test.context.transaction.TransactionalTestExecutionListener@b6f11e5, org.springframework.test.context.jdbc.SqlScriptsTestExecutionListener@b19758f, org.springframework.boot.test.autoconfigure.restdocs.RestDocsTestExecutionListener@236f43ee, org.springframework.boot.test.autoconfigure.web.client.MockRestServiceServerResetTestExecutionListener@5769e9c4, org.springframework.boot.test.autoconfigure.web.servlet.MockMvcPrintOnlyOnFailureTestExecutionListener@24fa2af5, org.springframework.boot.test.autoconfigure.web.servlet.WebDriverTestExecutionListener@648f86e8, org.springframework.boot.test.mock.mockito.MockitoTestExecutionListener@3d26c9a4, org.springframework.boot.test.mock.mockito.ResetMocksTestExecutionListener@2599300d]
Hibernate: select account0_.usernum as usernum1_0_0_, account0_.created_date as created_2_0_0_, account0_.modified_date as modified3_0_0_, account0_.userid as userid4_0_0_, account0_.userpassword as userpass5_0_0_ from account account0_ where account0_.usernum=?
Hibernate: insert into account (created_date, modified_date, userid, userpassword) values (?, ?, ?, ?)
Hibernate: select account0_.usernum as usernum1_0_, account0_.created_date as created_2_0_, account0_.modified_date as modified3_0_, account0_.userid as userid4_0_, account0_.userpassword as userpass5_0_ from account account0_
Hibernate: select account0_.usernum as usernum1_0_, account0_.created_date as created_2_0_, account0_.modified_date as modified3_0_, account0_.userid as userid4_0_, account0_.userpassword as userpass5_0_ from account account0_
Hibernate: delete from account where usernum=?
Hibernate: select account0_.usernum as usernum1_0_0_, account0_.created_date as created_2_0_0_, account0_.modified_date as modified3_0_0_, account0_.userid as userid4_0_0_, account0_.userpassword as userpass5_0_0_ from account account0_ where account0_.usernum=?
Hibernate: insert into account (created_date, modified_date, userid, userpassword) values (?, ?, ?, ?)
Hibernate: select account0_.usernum as usernum1_0_, account0_.created_date as created_2_0_, account0_.modified_date as modified3_0_, account0_.userid as userid4_0_, account0_.userpassword as userpass5_0_ from account account0_
Hibernate: select account0_.usernum as usernum1_0_, account0_.created_date as created_2_0_, account0_.modified_date as modified3_0_, account0_.userid as userid4_0_, account0_.userpassword as userpass5_0_ from account account0_
Hibernate: delete from account where usernum=?
]]></system-out>
  <system-err><![CDATA[]]></system-err>
</testsuite>
