<?xml version="1.0" encoding="UTF-8"?>
<testsuite name="com.devkoo.webservice.web.WebRestControllerTest" tests="1" skipped="0" failures="0" errors="0" timestamp="2018-11-25T12:32:55" hostname="gubon-ig-ui-MacBook-Pro.local" time="0.067">
  <properties/>
  <testcase name="Profile확인" classname="com.devkoo.webservice.web.WebRestControllerTest" time="0.067"/>
  <system-out><![CDATA[2018-11-25 21:32:55.981  INFO 21549 --- [    Test worker] .b.t.c.SpringBootTestContextBootstrapper : Neither @ContextConfiguration nor @ContextHierarchy found for test class [com.devkoo.webservice.web.WebRestControllerTest], using SpringBootContextLoader
2018-11-25 21:32:55.982  INFO 21549 --- [    Test worker] o.s.t.c.support.AbstractContextLoader    : Could not detect default resource locations for test class [com.devkoo.webservice.web.WebRestControllerTest]: no resource found for suffixes {-context.xml, Context.groovy}.
2018-11-25 21:32:55.982  INFO 21549 --- [    Test worker] t.c.s.AnnotationConfigContextLoaderUtils : Could not detect default configuration classes for test class [com.devkoo.webservice.web.WebRestControllerTest]: WebRestControllerTest does not declare any static, non-private, non-final, nested classes annotated with @Configuration.
2018-11-25 21:32:55.985  INFO 21549 --- [    Test worker] .b.t.c.SpringBootTestContextBootstrapper : Found @SpringBootConfiguration com.devkoo.webservice.Application for test class com.devkoo.webservice.web.WebRestControllerTest
2018-11-25 21:32:55.988  INFO 21549 --- [    Test worker] .b.t.c.SpringBootTestContextBootstrapper : Loaded default TestExecutionListener class names from location [META-INF/spring.factories]: [org.springframework.boot.test.autoconfigure.restdocs.RestDocsTestExecutionListener, org.springframework.boot.test.autoconfigure.web.client.MockRestServiceServerResetTestExecutionListener, org.springframework.boot.test.autoconfigure.web.servlet.MockMvcPrintOnlyOnFailureTestExecutionListener, org.springframework.boot.test.autoconfigure.web.servlet.WebDriverTestExecutionListener, org.springframework.boot.test.mock.mockito.MockitoTestExecutionListener, org.springframework.boot.test.mock.mockito.ResetMocksTestExecutionListener, org.springframework.test.context.web.ServletTestExecutionListener, org.springframework.test.context.support.DirtiesContextBeforeModesTestExecutionListener, org.springframework.test.context.support.DependencyInjectionTestExecutionListener, org.springframework.test.context.support.DirtiesContextTestExecutionListener, org.springframework.test.context.transaction.TransactionalTestExecutionListener, org.springframework.test.context.jdbc.SqlScriptsTestExecutionListener]
2018-11-25 21:32:55.990  INFO 21549 --- [    Test worker] .b.t.c.SpringBootTestContextBootstrapper : Using TestExecutionListeners: [org.springframework.test.context.web.ServletTestExecutionListener@290370ce, org.springframework.test.context.support.DirtiesContextBeforeModesTestExecutionListener@92b85fc, org.springframework.boot.test.autoconfigure.SpringBootDependencyInjectionTestExecutionListener@4da8ffbe, org.springframework.test.context.support.DirtiesContextTestExecutionListener@726d5bbc, org.springframework.test.context.transaction.TransactionalTestExecutionListener@405ad03f, org.springframework.test.context.jdbc.SqlScriptsTestExecutionListener@158ba9ad, org.springframework.boot.test.autoconfigure.restdocs.RestDocsTestExecutionListener@1fd4f1ad, org.springframework.boot.test.autoconfigure.web.client.MockRestServiceServerResetTestExecutionListener@77cf950, org.springframework.boot.test.autoconfigure.web.servlet.MockMvcPrintOnlyOnFailureTestExecutionListener@11b10aa8, org.springframework.boot.test.autoconfigure.web.servlet.WebDriverTestExecutionListener@593f0ff2, org.springframework.boot.test.mock.mockito.MockitoTestExecutionListener@61dec4e1, org.springframework.boot.test.mock.mockito.ResetMocksTestExecutionListener@18817f3]
]]></system-out>
  <system-err><![CDATA[]]></system-err>
</testsuite>
