<?xml version="1.0" encoding="UTF-8"?>
<testsuite name="com.devkoo.webservice.web.WebRestControllerTest" tests="1" skipped="0" failures="0" errors="0" timestamp="2018-12-04T04:21:20" hostname="gubon-ig-ui-MacBook-Pro.local" time="0.071">
  <properties/>
  <testcase name="Profile확인" classname="com.devkoo.webservice.web.WebRestControllerTest" time="0.071"/>
  <system-out><![CDATA[2018-12-04 13:21:20.977  INFO 8432 --- [    Test worker] .b.t.c.SpringBootTestContextBootstrapper : Neither @ContextConfiguration nor @ContextHierarchy found for test class [com.devkoo.webservice.web.WebRestControllerTest], using SpringBootContextLoader
2018-12-04 13:21:20.978  INFO 8432 --- [    Test worker] o.s.t.c.support.AbstractContextLoader    : Could not detect default resource locations for test class [com.devkoo.webservice.web.WebRestControllerTest]: no resource found for suffixes {-context.xml, Context.groovy}.
2018-12-04 13:21:20.978  INFO 8432 --- [    Test worker] t.c.s.AnnotationConfigContextLoaderUtils : Could not detect default configuration classes for test class [com.devkoo.webservice.web.WebRestControllerTest]: WebRestControllerTest does not declare any static, non-private, non-final, nested classes annotated with @Configuration.
2018-12-04 13:21:20.982  INFO 8432 --- [    Test worker] .b.t.c.SpringBootTestContextBootstrapper : Found @SpringBootConfiguration com.devkoo.webservice.Application for test class com.devkoo.webservice.web.WebRestControllerTest
2018-12-04 13:21:20.984  INFO 8432 --- [    Test worker] .b.t.c.SpringBootTestContextBootstrapper : Loaded default TestExecutionListener class names from location [META-INF/spring.factories]: [org.springframework.boot.test.autoconfigure.restdocs.RestDocsTestExecutionListener, org.springframework.boot.test.autoconfigure.web.client.MockRestServiceServerResetTestExecutionListener, org.springframework.boot.test.autoconfigure.web.servlet.MockMvcPrintOnlyOnFailureTestExecutionListener, org.springframework.boot.test.autoconfigure.web.servlet.WebDriverTestExecutionListener, org.springframework.boot.test.mock.mockito.MockitoTestExecutionListener, org.springframework.boot.test.mock.mockito.ResetMocksTestExecutionListener, org.springframework.test.context.web.ServletTestExecutionListener, org.springframework.test.context.support.DirtiesContextBeforeModesTestExecutionListener, org.springframework.test.context.support.DependencyInjectionTestExecutionListener, org.springframework.test.context.support.DirtiesContextTestExecutionListener, org.springframework.test.context.transaction.TransactionalTestExecutionListener, org.springframework.test.context.jdbc.SqlScriptsTestExecutionListener]
2018-12-04 13:21:20.987  INFO 8432 --- [    Test worker] .b.t.c.SpringBootTestContextBootstrapper : Using TestExecutionListeners: [org.springframework.test.context.web.ServletTestExecutionListener@726d5bbc, org.springframework.test.context.support.DirtiesContextBeforeModesTestExecutionListener@405ad03f, org.springframework.boot.test.autoconfigure.SpringBootDependencyInjectionTestExecutionListener@158ba9ad, org.springframework.test.context.support.DirtiesContextTestExecutionListener@1fd4f1ad, org.springframework.test.context.transaction.TransactionalTestExecutionListener@77cf950, org.springframework.test.context.jdbc.SqlScriptsTestExecutionListener@11b10aa8, org.springframework.boot.test.autoconfigure.restdocs.RestDocsTestExecutionListener@593f0ff2, org.springframework.boot.test.autoconfigure.web.client.MockRestServiceServerResetTestExecutionListener@61dec4e1, org.springframework.boot.test.autoconfigure.web.servlet.MockMvcPrintOnlyOnFailureTestExecutionListener@18817f3, org.springframework.boot.test.autoconfigure.web.servlet.WebDriverTestExecutionListener@18f5b920, org.springframework.boot.test.mock.mockito.MockitoTestExecutionListener@39147553, org.springframework.boot.test.mock.mockito.ResetMocksTestExecutionListener@2efa475c]
]]></system-out>
  <system-err><![CDATA[]]></system-err>
</testsuite>
