<?xml version="1.0" encoding="UTF-8"?>
<testsuite name="com.devkoo.webservice.service.PostServiceTest" tests="1" skipped="0" failures="0" errors="0" timestamp="2018-10-28T05:47:27" hostname="gubon-ig-ui-MacBook-Pro.local" time="0.019">
  <properties/>
  <testcase name="Dto데이터가_posts테이블에_저장된다" classname="com.devkoo.webservice.service.PostServiceTest" time="0.019"/>
  <system-out><![CDATA[2018-10-28 14:47:27.283  INFO 3842 --- [    Test worker] .b.t.c.SpringBootTestContextBootstrapper : Neither @ContextConfiguration nor @ContextHierarchy found for test class [com.devkoo.webservice.service.PostServiceTest], using SpringBootContextLoader
2018-10-28 14:47:27.284  INFO 3842 --- [    Test worker] o.s.t.c.support.AbstractContextLoader    : Could not detect default resource locations for test class [com.devkoo.webservice.service.PostServiceTest]: no resource found for suffixes {-context.xml, Context.groovy}.
2018-10-28 14:47:27.284  INFO 3842 --- [    Test worker] t.c.s.AnnotationConfigContextLoaderUtils : Could not detect default configuration classes for test class [com.devkoo.webservice.service.PostServiceTest]: PostServiceTest does not declare any static, non-private, non-final, nested classes annotated with @Configuration.
2018-10-28 14:47:27.289  INFO 3842 --- [    Test worker] .b.t.c.SpringBootTestContextBootstrapper : Found @SpringBootConfiguration com.devkoo.webservice.Application for test class com.devkoo.webservice.service.PostServiceTest
2018-10-28 14:47:27.290  INFO 3842 --- [    Test worker] .b.t.c.SpringBootTestContextBootstrapper : Loaded default TestExecutionListener class names from location [META-INF/spring.factories]: [org.springframework.boot.test.autoconfigure.restdocs.RestDocsTestExecutionListener, org.springframework.boot.test.autoconfigure.web.client.MockRestServiceServerResetTestExecutionListener, org.springframework.boot.test.autoconfigure.web.servlet.MockMvcPrintOnlyOnFailureTestExecutionListener, org.springframework.boot.test.autoconfigure.web.servlet.WebDriverTestExecutionListener, org.springframework.boot.test.mock.mockito.MockitoTestExecutionListener, org.springframework.boot.test.mock.mockito.ResetMocksTestExecutionListener, org.springframework.test.context.web.ServletTestExecutionListener, org.springframework.test.context.support.DirtiesContextBeforeModesTestExecutionListener, org.springframework.test.context.support.DependencyInjectionTestExecutionListener, org.springframework.test.context.support.DirtiesContextTestExecutionListener, org.springframework.test.context.transaction.TransactionalTestExecutionListener, org.springframework.test.context.jdbc.SqlScriptsTestExecutionListener]
2018-10-28 14:47:27.292  INFO 3842 --- [    Test worker] .b.t.c.SpringBootTestContextBootstrapper : Using TestExecutionListeners: [org.springframework.test.context.web.ServletTestExecutionListener@c16b347, org.springframework.test.context.support.DirtiesContextBeforeModesTestExecutionListener@768b7c8c, org.springframework.boot.test.autoconfigure.SpringBootDependencyInjectionTestExecutionListener@35840bf3, org.springframework.test.context.support.DirtiesContextTestExecutionListener@1fdf33c3, org.springframework.test.context.transaction.TransactionalTestExecutionListener@26ea37f4, org.springframework.test.context.jdbc.SqlScriptsTestExecutionListener@ba850b9, org.springframework.boot.test.autoconfigure.restdocs.RestDocsTestExecutionListener@1e6609ac, org.springframework.boot.test.autoconfigure.web.client.MockRestServiceServerResetTestExecutionListener@78c17088, org.springframework.boot.test.autoconfigure.web.servlet.MockMvcPrintOnlyOnFailureTestExecutionListener@f63bdf3, org.springframework.boot.test.autoconfigure.web.servlet.WebDriverTestExecutionListener@4687193e, org.springframework.boot.test.mock.mockito.MockitoTestExecutionListener@6802532b, org.springframework.boot.test.mock.mockito.ResetMocksTestExecutionListener@1b343b93]
Hibernate: insert into posts (created_date, modified_date, author, content, title) values (?, ?, ?, ?, ?)
Hibernate: select posts0_.id as id1_1_, posts0_.created_date as created_2_1_, posts0_.modified_date as modified3_1_, posts0_.author as author4_1_, posts0_.content as content5_1_, posts0_.title as title6_1_ from posts posts0_
Hibernate: select posts0_.id as id1_1_, posts0_.created_date as created_2_1_, posts0_.modified_date as modified3_1_, posts0_.author as author4_1_, posts0_.content as content5_1_, posts0_.title as title6_1_ from posts posts0_
Hibernate: delete from posts where id=?
]]></system-out>
  <system-err><![CDATA[]]></system-err>
</testsuite>
