<?xml version="1.0" encoding="UTF-8"?>
<testsuite name="com.devkoo.webservice.domain.posts.PostsRepositoryTest" tests="2" skipped="0" failures="0" errors="0" timestamp="2018-11-25T12:32:57" hostname="gubon-ig-ui-MacBook-Pro.local" time="0.029">
  <properties/>
  <testcase name="게시글저장_불러오기" classname="com.devkoo.webservice.domain.posts.PostsRepositoryTest" time="0.012"/>
  <testcase name="BaseTimeEntity_등록" classname="com.devkoo.webservice.domain.posts.PostsRepositoryTest" time="0.016"/>
  <system-out><![CDATA[2018-11-25 21:32:57.964  INFO 21549 --- [    Test worker] .b.t.c.SpringBootTestContextBootstrapper : Neither @ContextConfiguration nor @ContextHierarchy found for test class [com.devkoo.webservice.domain.posts.PostsRepositoryTest], using SpringBootContextLoader
2018-11-25 21:32:57.965  INFO 21549 --- [    Test worker] o.s.t.c.support.AbstractContextLoader    : Could not detect default resource locations for test class [com.devkoo.webservice.domain.posts.PostsRepositoryTest]: no resource found for suffixes {-context.xml, Context.groovy}.
2018-11-25 21:32:57.965  INFO 21549 --- [    Test worker] t.c.s.AnnotationConfigContextLoaderUtils : Could not detect default configuration classes for test class [com.devkoo.webservice.domain.posts.PostsRepositoryTest]: PostsRepositoryTest does not declare any static, non-private, non-final, nested classes annotated with @Configuration.
2018-11-25 21:32:57.975  INFO 21549 --- [    Test worker] .b.t.c.SpringBootTestContextBootstrapper : Found @SpringBootConfiguration com.devkoo.webservice.Application for test class com.devkoo.webservice.domain.posts.PostsRepositoryTest
2018-11-25 21:32:57.978  INFO 21549 --- [    Test worker] .b.t.c.SpringBootTestContextBootstrapper : Loaded default TestExecutionListener class names from location [META-INF/spring.factories]: [org.springframework.boot.test.autoconfigure.restdocs.RestDocsTestExecutionListener, org.springframework.boot.test.autoconfigure.web.client.MockRestServiceServerResetTestExecutionListener, org.springframework.boot.test.autoconfigure.web.servlet.MockMvcPrintOnlyOnFailureTestExecutionListener, org.springframework.boot.test.autoconfigure.web.servlet.WebDriverTestExecutionListener, org.springframework.boot.test.mock.mockito.MockitoTestExecutionListener, org.springframework.boot.test.mock.mockito.ResetMocksTestExecutionListener, org.springframework.test.context.web.ServletTestExecutionListener, org.springframework.test.context.support.DirtiesContextBeforeModesTestExecutionListener, org.springframework.test.context.support.DependencyInjectionTestExecutionListener, org.springframework.test.context.support.DirtiesContextTestExecutionListener, org.springframework.test.context.transaction.TransactionalTestExecutionListener, org.springframework.test.context.jdbc.SqlScriptsTestExecutionListener]
2018-11-25 21:32:57.980  INFO 21549 --- [    Test worker] .b.t.c.SpringBootTestContextBootstrapper : Using TestExecutionListeners: [org.springframework.test.context.web.ServletTestExecutionListener@7bf01526, org.springframework.test.context.support.DirtiesContextBeforeModesTestExecutionListener@eea508, org.springframework.boot.test.autoconfigure.SpringBootDependencyInjectionTestExecutionListener@72575e55, org.springframework.test.context.support.DirtiesContextTestExecutionListener@36e72619, org.springframework.test.context.transaction.TransactionalTestExecutionListener@4d454cc6, org.springframework.test.context.jdbc.SqlScriptsTestExecutionListener@38f66683, org.springframework.boot.test.autoconfigure.restdocs.RestDocsTestExecutionListener@709b323e, org.springframework.boot.test.autoconfigure.web.client.MockRestServiceServerResetTestExecutionListener@7fc315da, org.springframework.boot.test.autoconfigure.web.servlet.MockMvcPrintOnlyOnFailureTestExecutionListener@18874598, org.springframework.boot.test.autoconfigure.web.servlet.WebDriverTestExecutionListener@13cefa75, org.springframework.boot.test.mock.mockito.MockitoTestExecutionListener@3aed20f0, org.springframework.boot.test.mock.mockito.ResetMocksTestExecutionListener@5de79fb2]
Hibernate: insert into posts (created_date, modified_date, author, content, title) values (?, ?, ?, ?, ?)
Hibernate: select posts0_.id as id1_1_, posts0_.created_date as created_2_1_, posts0_.modified_date as modified3_1_, posts0_.author as author4_1_, posts0_.content as content5_1_, posts0_.title as title6_1_ from posts posts0_
Hibernate: select posts0_.id as id1_1_, posts0_.created_date as created_2_1_, posts0_.modified_date as modified3_1_, posts0_.author as author4_1_, posts0_.content as content5_1_, posts0_.title as title6_1_ from posts posts0_
Hibernate: delete from posts where id=?
Hibernate: insert into posts (created_date, modified_date, author, content, title) values (?, ?, ?, ?, ?)
Hibernate: select posts0_.id as id1_1_, posts0_.created_date as created_2_1_, posts0_.modified_date as modified3_1_, posts0_.author as author4_1_, posts0_.content as content5_1_, posts0_.title as title6_1_ from posts posts0_
Hibernate: select posts0_.id as id1_1_, posts0_.created_date as created_2_1_, posts0_.modified_date as modified3_1_, posts0_.author as author4_1_, posts0_.content as content5_1_, posts0_.title as title6_1_ from posts posts0_
Hibernate: delete from posts where id=?
]]></system-out>
  <system-err><![CDATA[]]></system-err>
</testsuite>
