<?xml version="1.0" encoding="UTF-8"?>
<testsuite name="com.devkoo.webservice.domain.posts.PostsRepositoryTest" tests="2" skipped="0" failures="0" errors="0" timestamp="2018-10-28T05:47:27" hostname="gubon-ig-ui-MacBook-Pro.local" time="0.025">
  <properties/>
  <testcase name="게시글저장_불러오기" classname="com.devkoo.webservice.domain.posts.PostsRepositoryTest" time="0.013"/>
  <testcase name="BaseTimeEntity_등록" classname="com.devkoo.webservice.domain.posts.PostsRepositoryTest" time="0.011"/>
  <system-out><![CDATA[2018-10-28 14:47:27.355  INFO 3842 --- [    Test worker] .b.t.c.SpringBootTestContextBootstrapper : Neither @ContextConfiguration nor @ContextHierarchy found for test class [com.devkoo.webservice.domain.posts.PostsRepositoryTest], using SpringBootContextLoader
2018-10-28 14:47:27.356  INFO 3842 --- [    Test worker] o.s.t.c.support.AbstractContextLoader    : Could not detect default resource locations for test class [com.devkoo.webservice.domain.posts.PostsRepositoryTest]: no resource found for suffixes {-context.xml, Context.groovy}.
2018-10-28 14:47:27.356  INFO 3842 --- [    Test worker] t.c.s.AnnotationConfigContextLoaderUtils : Could not detect default configuration classes for test class [com.devkoo.webservice.domain.posts.PostsRepositoryTest]: PostsRepositoryTest does not declare any static, non-private, non-final, nested classes annotated with @Configuration.
2018-10-28 14:47:27.362  INFO 3842 --- [    Test worker] .b.t.c.SpringBootTestContextBootstrapper : Found @SpringBootConfiguration com.devkoo.webservice.Application for test class com.devkoo.webservice.domain.posts.PostsRepositoryTest
2018-10-28 14:47:27.364  INFO 3842 --- [    Test worker] .b.t.c.SpringBootTestContextBootstrapper : Loaded default TestExecutionListener class names from location [META-INF/spring.factories]: [org.springframework.boot.test.autoconfigure.restdocs.RestDocsTestExecutionListener, org.springframework.boot.test.autoconfigure.web.client.MockRestServiceServerResetTestExecutionListener, org.springframework.boot.test.autoconfigure.web.servlet.MockMvcPrintOnlyOnFailureTestExecutionListener, org.springframework.boot.test.autoconfigure.web.servlet.WebDriverTestExecutionListener, org.springframework.boot.test.mock.mockito.MockitoTestExecutionListener, org.springframework.boot.test.mock.mockito.ResetMocksTestExecutionListener, org.springframework.test.context.web.ServletTestExecutionListener, org.springframework.test.context.support.DirtiesContextBeforeModesTestExecutionListener, org.springframework.test.context.support.DependencyInjectionTestExecutionListener, org.springframework.test.context.support.DirtiesContextTestExecutionListener, org.springframework.test.context.transaction.TransactionalTestExecutionListener, org.springframework.test.context.jdbc.SqlScriptsTestExecutionListener]
2018-10-28 14:47:27.365  INFO 3842 --- [    Test worker] .b.t.c.SpringBootTestContextBootstrapper : Using TestExecutionListeners: [org.springframework.test.context.web.ServletTestExecutionListener@f8d508d, org.springframework.test.context.support.DirtiesContextBeforeModesTestExecutionListener@4fc74148, org.springframework.boot.test.autoconfigure.SpringBootDependencyInjectionTestExecutionListener@2713b207, org.springframework.test.context.support.DirtiesContextTestExecutionListener@46f4c546, org.springframework.test.context.transaction.TransactionalTestExecutionListener@2318fc2d, org.springframework.test.context.jdbc.SqlScriptsTestExecutionListener@56a02407, org.springframework.boot.test.autoconfigure.restdocs.RestDocsTestExecutionListener@6c19375e, org.springframework.boot.test.autoconfigure.web.client.MockRestServiceServerResetTestExecutionListener@c27016e, org.springframework.boot.test.autoconfigure.web.servlet.MockMvcPrintOnlyOnFailureTestExecutionListener@68ba6d53, org.springframework.boot.test.autoconfigure.web.servlet.WebDriverTestExecutionListener@3fedfc5f, org.springframework.boot.test.mock.mockito.MockitoTestExecutionListener@1a6b8f3b, org.springframework.boot.test.mock.mockito.ResetMocksTestExecutionListener@2e73c169]
Hibernate: insert into posts (created_date, modified_date, author, content, title) values (?, ?, ?, ?, ?)
Hibernate: select posts0_.id as id1_1_, posts0_.created_date as created_2_1_, posts0_.modified_date as modified3_1_, posts0_.author as author4_1_, posts0_.content as content5_1_, posts0_.title as title6_1_ from posts posts0_
Hibernate: select posts0_.id as id1_1_, posts0_.created_date as created_2_1_, posts0_.modified_date as modified3_1_, posts0_.author as author4_1_, posts0_.content as content5_1_, posts0_.title as title6_1_ from posts posts0_
Hibernate: delete from posts where id=?
Hibernate: insert into posts (created_date, modified_date, author, content, title) values (?, ?, ?, ?, ?)
Hibernate: select posts0_.id as id1_1_, posts0_.created_date as created_2_1_, posts0_.modified_date as modified3_1_, posts0_.author as author4_1_, posts0_.content as content5_1_, posts0_.title as title6_1_ from posts posts0_
Hibernate: select posts0_.id as id1_1_, posts0_.created_date as created_2_1_, posts0_.modified_date as modified3_1_, posts0_.author as author4_1_, posts0_.content as content5_1_, posts0_.title as title6_1_ from posts posts0_
Hibernate: delete from posts where id=?
]]></system-out>
  <system-err><![CDATA[]]></system-err>
</testsuite>
